<?xml version="1.0" encoding="UTF-8"?>
<testng-results ignored="0" total="15" passed="8" failed="7" skipped="0">
  <reporter-output>
    <line>
      <![CDATA[Beginning Login Modular Test...]]>
    </line>
    <line>
      <![CDATA[Waiting for page to load completely...]]>
    </line>
    <line>
      <![CDATA[The page '' is fully loaded now.]]>
    </line>
    <line>
      <![CDATA[Method: setEmail]]>
    </line>
    <line>
      <![CDATA[Method: setPassword]]>
    </line>
    <line>
      <![CDATA[Method: readEmail]]>
    </line>
    <line>
      <![CDATA[Email Address: jesse.childress@aretecinc.com]]>
    </line>
    <line>
      <![CDATA[Method: readEmail]]>
    </line>
    <line>
      <![CDATA[Method: clickLogin]]>
    </line>
    <line>
      <![CDATA[Waiting for page to load completely...]]>
    </line>
    <line>
      <![CDATA[The page '' is fully loaded now.]]>
    </line>
    <line>
      <![CDATA[Expected URL: https://test.dataimagineers.ai/]]>
    </line>
    <line>
      <![CDATA[Current URL : https://test.dataimagineers.ai/login]]>
    </line>
    <line>
      <![CDATA[Waiting for page to load completely...]]>
    </line>
    <line>
      <![CDATA[The page 'Test App' is fully loaded now.]]>
    </line>
    <line>
      <![CDATA[Expected URL: https://test.dataimagineers.ai/]]>
    </line>
    <line>
      <![CDATA[Current URL : https://test.dataimagineers.ai/]]>
    </line>
    <line>
      <![CDATA[Method: clickDocumentsSlideMenuLink]]>
    </line>
    <line>
      <![CDATA[Waiting for page to load completely...]]>
    </line>
    <line>
      <![CDATA[The page 'Test App' is fully loaded now.]]>
    </line>
    <line>
      <![CDATA[Expected URL: https://test.dataimagineers.ai/documents]]>
    </line>
    <line>
      <![CDATA[Current URL : https://test.dataimagineers.ai/documents]]>
    </line>
    <line>
      <![CDATA[Method: selectDomain]]>
    </line>
    <line>
      <![CDATA[Method: clickDomains]]>
    </line>
    <line>
      <![CDATA[Method: openClosedDomains]]>
    </line>
    <line>
      <![CDATA[Method: clickSearchDomains]]>
    </line>
    <line>
      <![CDATA[Waiting for page to load completely...]]>
    </line>
    <line>
      <![CDATA[The page 'Test App' is fully loaded now.]]>
    </line>
    <line>
      <![CDATA[Beginning isRowInTable search for 'SQA Test A - Software Testing Overview.pdf' in column 'File Name(s)'.]]>
    </line>
    <line>
      <![CDATA[Method: getPaginationPageNumber]]>
    </line>
    <line>
      <![CDATA[Currently on table page: 1]]>
    </line>
    <line>
      <![CDATA[Beginning test for Search Results > References...]]>
    </line>
    <line>
      <![CDATA[Beginning Login Modular Test...]]>
    </line>
    <line>
      <![CDATA[Waiting for page to load completely...]]>
    </line>
    <line>
      <![CDATA[The page '' is fully loaded now.]]>
    </line>
    <line>
      <![CDATA[Method: setEmail]]>
    </line>
    <line>
      <![CDATA[Method: setPassword]]>
    </line>
    <line>
      <![CDATA[Method: readEmail]]>
    </line>
    <line>
      <![CDATA[Email Address: jesse.childress@aretecinc.com]]>
    </line>
    <line>
      <![CDATA[Method: readEmail]]>
    </line>
    <line>
      <![CDATA[Method: clickLogin]]>
    </line>
    <line>
      <![CDATA[Waiting for page to load completely...]]>
    </line>
    <line>
      <![CDATA[The page '' is fully loaded now.]]>
    </line>
    <line>
      <![CDATA[Expected URL: https://test.dataimagineers.ai/]]>
    </line>
    <line>
      <![CDATA[Current URL : https://test.dataimagineers.ai/login]]>
    </line>
    <line>
      <![CDATA[Beginning Search Modular Test...
This is for the main search page from login...]]>
    </line>
    <line>
      <![CDATA[Waiting for page to load completely...]]>
    </line>
    <line>
      <![CDATA[The page '' is fully loaded now.]]>
    </line>
    <line>
      <![CDATA[Expected URL: https://test.dataimagineers.ai/]]>
    </line>
    <line>
      <![CDATA[Current URL : https://test.dataimagineers.ai/]]>
    </line>
    <line>
      <![CDATA[Method: clickAllDomainsButton]]>
    </line>
    <line>
      <![CDATA[Method: openClosedDomains]]>
    </line>
    <line>
      <![CDATA[Method: selectDomain]]>
    </line>
    <line>
      <![CDATA[Method: clickAllDomainsButton]]>
    </line>
    <line>
      <![CDATA[All Domains Button already clicked. Menus already present on page.]]>
    </line>
    <line>
      <![CDATA[Method: openClosedDomains]]>
    </line>
    <line>
      <![CDATA[Method: setSearchField]]>
    </line>
    <line>
      <![CDATA[Method: readSearchField]]>
    </line>
    <line>
      <![CDATA[Waiting for page to load completely...]]>
    </line>
    <line>
      <![CDATA[The page 'Test App' is fully loaded now.]]>
    </line>
    <line>
      <![CDATA[Expected URL: https://test.dataimagineers.ai/search-result.*]]>
    </line>
    <line>
      <![CDATA[Current URL : https://test.dataimagineers.ai/search-result?search=How%20can%20Aretec%20benefit%20from%20Software%20Quality%20Assurance%20Testing?]]>
    </line>
    <line>
      <![CDATA[Waiting for page to load completely...]]>
    </line>
    <line>
      <![CDATA[The page 'Test App' is fully loaded now.]]>
    </line>
    <line>
      <![CDATA[Method: readAnswer]]>
    </line>
    <line>
      <![CDATA[Method: waitForAnswerGeneration]]>
    </line>
    <line>
      <![CDATA[Waited on Answer text for: 3 seconds.]]>
    </line>
    <line>
      <![CDATA[Method: readFileName]]>
    </line>
    <line>
      <![CDATA[Method: readUploadDate]]>
    </line>
    <line>
      <![CDATA[Beginning test for Search Results > References...]]>
    </line>
    <line>
      <![CDATA[Beginning Login Modular Test...]]>
    </line>
    <line>
      <![CDATA[Waiting for page to load completely...]]>
    </line>
    <line>
      <![CDATA[The page '' is fully loaded now.]]>
    </line>
    <line>
      <![CDATA[Method: setEmail]]>
    </line>
    <line>
      <![CDATA[Method: setPassword]]>
    </line>
    <line>
      <![CDATA[Method: readEmail]]>
    </line>
    <line>
      <![CDATA[Email Address: jesse.childress@aretecinc.com]]>
    </line>
    <line>
      <![CDATA[Method: readEmail]]>
    </line>
    <line>
      <![CDATA[Method: clickLogin]]>
    </line>
    <line>
      <![CDATA[Waiting for page to load completely...]]>
    </line>
    <line>
      <![CDATA[The page '' is fully loaded now.]]>
    </line>
    <line>
      <![CDATA[Expected URL: https://test.dataimagineers.ai/]]>
    </line>
    <line>
      <![CDATA[Current URL : https://test.dataimagineers.ai/login]]>
    </line>
    <line>
      <![CDATA[Beginning Search Modular Test...
This is for the main search page from login...]]>
    </line>
    <line>
      <![CDATA[Waiting for page to load completely...]]>
    </line>
    <line>
      <![CDATA[The page '' is fully loaded now.]]>
    </line>
    <line>
      <![CDATA[Expected URL: https://test.dataimagineers.ai/]]>
    </line>
    <line>
      <![CDATA[Current URL : https://test.dataimagineers.ai/]]>
    </line>
    <line>
      <![CDATA[Method: clickAllDomainsButton]]>
    </line>
    <line>
      <![CDATA[Method: openClosedDomains]]>
    </line>
    <line>
      <![CDATA[Method: selectDomain]]>
    </line>
    <line>
      <![CDATA[Method: clickAllDomainsButton]]>
    </line>
    <line>
      <![CDATA[All Domains Button already clicked. Menus already present on page.]]>
    </line>
    <line>
      <![CDATA[Method: openClosedDomains]]>
    </line>
    <line>
      <![CDATA[Method: setSearchField]]>
    </line>
    <line>
      <![CDATA[Method: readSearchField]]>
    </line>
    <line>
      <![CDATA[Waiting for page to load completely...]]>
    </line>
    <line>
      <![CDATA[The page 'Test App' is fully loaded now.]]>
    </line>
    <line>
      <![CDATA[Expected URL: https://test.dataimagineers.ai/search-result.*]]>
    </line>
    <line>
      <![CDATA[Current URL : https://test.dataimagineers.ai/search-result?search=How%20can%20Aretec%20benefit%20from%20Software%20Quality%20Assurance%20Testing?]]>
    </line>
    <line>
      <![CDATA[Waiting for page to load completely...]]>
    </line>
    <line>
      <![CDATA[The page 'Test App' is fully loaded now.]]>
    </line>
    <line>
      <![CDATA[Method: readAnswer]]>
    </line>
    <line>
      <![CDATA[Method: waitForAnswerGeneration]]>
    </line>
    <line>
      <![CDATA[Waited on Answer text for: 10 seconds.]]>
    </line>
    <line>
      <![CDATA[Method: readFileName]]>
    </line>
    <line>
      <![CDATA[Method: readUploadDate]]>
    </line>
    <line>
      <![CDATA[Beginning test for Search Results > References...]]>
    </line>
    <line>
      <![CDATA[Beginning Login Modular Test...]]>
    </line>
    <line>
      <![CDATA[Waiting for page to load completely...]]>
    </line>
    <line>
      <![CDATA[The page '' is fully loaded now.]]>
    </line>
    <line>
      <![CDATA[Method: setEmail]]>
    </line>
    <line>
      <![CDATA[Method: setPassword]]>
    </line>
    <line>
      <![CDATA[Method: readEmail]]>
    </line>
    <line>
      <![CDATA[Email Address: jesse.childress@aretecinc.com]]>
    </line>
    <line>
      <![CDATA[Method: readEmail]]>
    </line>
    <line>
      <![CDATA[Method: clickLogin]]>
    </line>
    <line>
      <![CDATA[Waiting for page to load completely...]]>
    </line>
    <line>
      <![CDATA[The page '' is fully loaded now.]]>
    </line>
    <line>
      <![CDATA[Expected URL: https://test.dataimagineers.ai/]]>
    </line>
    <line>
      <![CDATA[Current URL : https://test.dataimagineers.ai/login]]>
    </line>
    <line>
      <![CDATA[Beginning Search Modular Test...
This is for the main search page from login...]]>
    </line>
    <line>
      <![CDATA[Waiting for page to load completely...]]>
    </line>
    <line>
      <![CDATA[The page '' is fully loaded now.]]>
    </line>
    <line>
      <![CDATA[Expected URL: https://test.dataimagineers.ai/]]>
    </line>
    <line>
      <![CDATA[Current URL : https://test.dataimagineers.ai/]]>
    </line>
    <line>
      <![CDATA[Method: clickAllDomainsButton]]>
    </line>
    <line>
      <![CDATA[Method: openClosedDomains]]>
    </line>
    <line>
      <![CDATA[Method: selectDomain]]>
    </line>
    <line>
      <![CDATA[Method: clickAllDomainsButton]]>
    </line>
    <line>
      <![CDATA[All Domains Button already clicked. Menus already present on page.]]>
    </line>
    <line>
      <![CDATA[Method: openClosedDomains]]>
    </line>
    <line>
      <![CDATA[Method: setSearchField]]>
    </line>
    <line>
      <![CDATA[Method: readSearchField]]>
    </line>
    <line>
      <![CDATA[Waiting for page to load completely...]]>
    </line>
    <line>
      <![CDATA[The page 'Test App' is fully loaded now.]]>
    </line>
    <line>
      <![CDATA[Expected URL: https://test.dataimagineers.ai/search-result.*]]>
    </line>
    <line>
      <![CDATA[Current URL : https://test.dataimagineers.ai/search-result?search=How%20can%20Aretec%20benefit%20from%20Software%20Quality%20Assurance%20Testing?]]>
    </line>
    <line>
      <![CDATA[Waiting for page to load completely...]]>
    </line>
    <line>
      <![CDATA[The page 'Test App' is fully loaded now.]]>
    </line>
    <line>
      <![CDATA[Method: readAnswer]]>
    </line>
    <line>
      <![CDATA[Method: waitForAnswerGeneration]]>
    </line>
    <line>
      <![CDATA[Waited on Answer text for: 7 seconds.]]>
    </line>
    <line>
      <![CDATA[Method: readFileName]]>
    </line>
    <line>
      <![CDATA[Method: readUploadDate]]>
    </line>
    <line>
      <![CDATA[Beginning test for Search Results > References...]]>
    </line>
    <line>
      <![CDATA[Beginning Login Modular Test...]]>
    </line>
    <line>
      <![CDATA[Waiting for page to load completely...]]>
    </line>
    <line>
      <![CDATA[The page '' is fully loaded now.]]>
    </line>
    <line>
      <![CDATA[Method: setEmail]]>
    </line>
    <line>
      <![CDATA[Method: setPassword]]>
    </line>
    <line>
      <![CDATA[Method: readEmail]]>
    </line>
    <line>
      <![CDATA[Email Address: jesse.childress@aretecinc.com]]>
    </line>
    <line>
      <![CDATA[Method: readEmail]]>
    </line>
    <line>
      <![CDATA[Method: clickLogin]]>
    </line>
    <line>
      <![CDATA[Waiting for page to load completely...]]>
    </line>
    <line>
      <![CDATA[The page '' is fully loaded now.]]>
    </line>
    <line>
      <![CDATA[Expected URL: https://test.dataimagineers.ai/]]>
    </line>
    <line>
      <![CDATA[Current URL : https://test.dataimagineers.ai/login]]>
    </line>
    <line>
      <![CDATA[Beginning Search Modular Test...
This is for the main search page from login...]]>
    </line>
    <line>
      <![CDATA[Waiting for page to load completely...]]>
    </line>
    <line>
      <![CDATA[The page '' is fully loaded now.]]>
    </line>
    <line>
      <![CDATA[Expected URL: https://test.dataimagineers.ai/]]>
    </line>
    <line>
      <![CDATA[Current URL : https://test.dataimagineers.ai/]]>
    </line>
    <line>
      <![CDATA[Method: clickAllDomainsButton]]>
    </line>
    <line>
      <![CDATA[Method: openClosedDomains]]>
    </line>
    <line>
      <![CDATA[Method: selectDomain]]>
    </line>
    <line>
      <![CDATA[Method: clickAllDomainsButton]]>
    </line>
    <line>
      <![CDATA[All Domains Button already clicked. Menus already present on page.]]>
    </line>
    <line>
      <![CDATA[Method: openClosedDomains]]>
    </line>
    <line>
      <![CDATA[Method: setSearchField]]>
    </line>
    <line>
      <![CDATA[Method: readSearchField]]>
    </line>
    <line>
      <![CDATA[Waiting for page to load completely...]]>
    </line>
    <line>
      <![CDATA[The page 'Test App' is fully loaded now.]]>
    </line>
    <line>
      <![CDATA[Expected URL: https://test.dataimagineers.ai/search-result.*]]>
    </line>
    <line>
      <![CDATA[Current URL : https://test.dataimagineers.ai/search-result?search=How%20can%20Aretec%20benefit%20from%20Software%20Quality%20Assurance%20Testing?]]>
    </line>
    <line>
      <![CDATA[Waiting for page to load completely...]]>
    </line>
    <line>
      <![CDATA[The page 'Test App' is fully loaded now.]]>
    </line>
    <line>
      <![CDATA[Method: readAnswer]]>
    </line>
    <line>
      <![CDATA[Method: waitForAnswerGeneration]]>
    </line>
    <line>
      <![CDATA[Waited on Answer text for: 3 seconds.]]>
    </line>
    <line>
      <![CDATA[Method: readFileName]]>
    </line>
    <line>
      <![CDATA[Method: readUploadDate]]>
    </line>
    <line>
      <![CDATA[Beginning test for Search Results > References...]]>
    </line>
    <line>
      <![CDATA[Beginning Login Modular Test...]]>
    </line>
    <line>
      <![CDATA[Waiting for page to load completely...]]>
    </line>
    <line>
      <![CDATA[The page '' is fully loaded now.]]>
    </line>
    <line>
      <![CDATA[Method: setEmail]]>
    </line>
    <line>
      <![CDATA[Method: setPassword]]>
    </line>
    <line>
      <![CDATA[Method: readEmail]]>
    </line>
    <line>
      <![CDATA[Email Address: jesse.childress@aretecinc.com]]>
    </line>
    <line>
      <![CDATA[Method: readEmail]]>
    </line>
    <line>
      <![CDATA[Method: clickLogin]]>
    </line>
    <line>
      <![CDATA[Waiting for page to load completely...]]>
    </line>
    <line>
      <![CDATA[The page '' is fully loaded now.]]>
    </line>
    <line>
      <![CDATA[Expected URL: https://test.dataimagineers.ai/]]>
    </line>
    <line>
      <![CDATA[Current URL : https://test.dataimagineers.ai/login]]>
    </line>
    <line>
      <![CDATA[Beginning Search Modular Test...
This is for the main search page from login...]]>
    </line>
    <line>
      <![CDATA[Waiting for page to load completely...]]>
    </line>
    <line>
      <![CDATA[The page '' is fully loaded now.]]>
    </line>
    <line>
      <![CDATA[Expected URL: https://test.dataimagineers.ai/]]>
    </line>
    <line>
      <![CDATA[Current URL : https://test.dataimagineers.ai/]]>
    </line>
    <line>
      <![CDATA[Method: clickAllDomainsButton]]>
    </line>
    <line>
      <![CDATA[Method: openClosedDomains]]>
    </line>
    <line>
      <![CDATA[Method: selectDomain]]>
    </line>
    <line>
      <![CDATA[Method: clickAllDomainsButton]]>
    </line>
    <line>
      <![CDATA[All Domains Button already clicked. Menus already present on page.]]>
    </line>
    <line>
      <![CDATA[Method: openClosedDomains]]>
    </line>
    <line>
      <![CDATA[Method: setSearchField]]>
    </line>
    <line>
      <![CDATA[Method: readSearchField]]>
    </line>
    <line>
      <![CDATA[Waiting for page to load completely...]]>
    </line>
    <line>
      <![CDATA[The page 'Test App' is fully loaded now.]]>
    </line>
    <line>
      <![CDATA[Expected URL: https://test.dataimagineers.ai/search-result.*]]>
    </line>
    <line>
      <![CDATA[Current URL : https://test.dataimagineers.ai/search-result?search=How%20can%20Aretec%20benefit%20from%20Software%20Quality%20Assurance%20Testing?]]>
    </line>
    <line>
      <![CDATA[Waiting for page to load completely...]]>
    </line>
    <line>
      <![CDATA[The page 'Test App' is fully loaded now.]]>
    </line>
    <line>
      <![CDATA[Method: readAnswer]]>
    </line>
    <line>
      <![CDATA[Method: waitForAnswerGeneration]]>
    </line>
    <line>
      <![CDATA[Waited on Answer text for: 2 seconds.]]>
    </line>
    <line>
      <![CDATA[Method: readFileName]]>
    </line>
    <line>
      <![CDATA[Method: readUploadDate]]>
    </line>
    <line>
      <![CDATA[Beginning test for a Search Results > History]]>
    </line>
    <line>
      <![CDATA[Beginning Login Modular Test...]]>
    </line>
    <line>
      <![CDATA[Waiting for page to load completely...]]>
    </line>
    <line>
      <![CDATA[The page '' is fully loaded now.]]>
    </line>
    <line>
      <![CDATA[Method: setEmail]]>
    </line>
    <line>
      <![CDATA[Method: setPassword]]>
    </line>
    <line>
      <![CDATA[Method: readEmail]]>
    </line>
    <line>
      <![CDATA[Email Address: jesse.childress@aretecinc.com]]>
    </line>
    <line>
      <![CDATA[Method: readEmail]]>
    </line>
    <line>
      <![CDATA[Method: clickLogin]]>
    </line>
    <line>
      <![CDATA[Waiting for page to load completely...]]>
    </line>
    <line>
      <![CDATA[The page '' is fully loaded now.]]>
    </line>
    <line>
      <![CDATA[Expected URL: https://test.dataimagineers.ai/]]>
    </line>
    <line>
      <![CDATA[Current URL : https://test.dataimagineers.ai/login]]>
    </line>
    <line>
      <![CDATA[Beginning Search Modular Test...
This is for the main search page from login...]]>
    </line>
    <line>
      <![CDATA[Waiting for page to load completely...]]>
    </line>
    <line>
      <![CDATA[The page '' is fully loaded now.]]>
    </line>
    <line>
      <![CDATA[Expected URL: https://test.dataimagineers.ai/]]>
    </line>
    <line>
      <![CDATA[Current URL : https://test.dataimagineers.ai/]]>
    </line>
    <line>
      <![CDATA[Method: clickAllDomainsButton]]>
    </line>
    <line>
      <![CDATA[Method: openClosedDomains]]>
    </line>
    <line>
      <![CDATA[Method: selectDomain]]>
    </line>
    <line>
      <![CDATA[Method: clickAllDomainsButton]]>
    </line>
    <line>
      <![CDATA[All Domains Button already clicked. Menus already present on page.]]>
    </line>
    <line>
      <![CDATA[Method: openClosedDomains]]>
    </line>
    <line>
      <![CDATA[Method: setSearchField]]>
    </line>
    <line>
      <![CDATA[Method: readSearchField]]>
    </line>
    <line>
      <![CDATA[Waiting for page to load completely...]]>
    </line>
    <line>
      <![CDATA[The page 'Test App' is fully loaded now.]]>
    </line>
    <line>
      <![CDATA[Expected URL: https://test.dataimagineers.ai/search-result.*]]>
    </line>
    <line>
      <![CDATA[Current URL : https://test.dataimagineers.ai/search-result?search=Does%20Aretec%20have%20experience%20working%20for%20the%20Securities%20and%20Exchange%20Commission?]]>
    </line>
    <line>
      <![CDATA[Waiting for page to load completely...]]>
    </line>
    <line>
      <![CDATA[The page 'Test App' is fully loaded now.]]>
    </line>
    <line>
      <![CDATA[Method: readAnswer]]>
    </line>
    <line>
      <![CDATA[Method: waitForAnswerGeneration]]>
    </line>
    <line>
      <![CDATA[Waited on Answer text for: 6 seconds.]]>
    </line>
    <line>
      <![CDATA[Method: readAnswer]]>
    </line>
    <line>
      <![CDATA[Method: waitForChatBPTAnswerGeneration]]>
    </line>
    <line>
      <![CDATA[Waited on Chat GPT Answer text for: 1 seconds.]]>
    </line>
    <line>
      <![CDATA[Method: clickHomeSlideMenuLink]]>
    </line>
    <line>
      <![CDATA[Beginning Search Modular Test...
This is for the main search page from login...]]>
    </line>
    <line>
      <![CDATA[Waiting for page to load completely...]]>
    </line>
    <line>
      <![CDATA[The page 'Test App' is fully loaded now.]]>
    </line>
    <line>
      <![CDATA[Expected URL: https://test.dataimagineers.ai/]]>
    </line>
    <line>
      <![CDATA[Current URL : https://test.dataimagineers.ai/]]>
    </line>
    <line>
      <![CDATA[Method: clickAllDomainsButton]]>
    </line>
    <line>
      <![CDATA[Method: openClosedDomains]]>
    </line>
    <line>
      <![CDATA[Method: selectDomain]]>
    </line>
    <line>
      <![CDATA[Method: clickAllDomainsButton]]>
    </line>
    <line>
      <![CDATA[All Domains Button already clicked. Menus already present on page.]]>
    </line>
    <line>
      <![CDATA[Method: openClosedDomains]]>
    </line>
    <line>
      <![CDATA[Method: setSearchField]]>
    </line>
    <line>
      <![CDATA[Method: readSearchField]]>
    </line>
    <line>
      <![CDATA[Waiting for page to load completely...]]>
    </line>
    <line>
      <![CDATA[The page 'Test App' is fully loaded now.]]>
    </line>
    <line>
      <![CDATA[Expected URL: https://test.dataimagineers.ai/search-result.*]]>
    </line>
    <line>
      <![CDATA[Current URL : https://test.dataimagineers.ai/search-result?search=Does%20Aretec%20have%20knowledge%20of%20how%20to%20change%20transmission%20fluid%20in%20a%201965%20shelby%20cobra?]]>
    </line>
    <line>
      <![CDATA[Waiting for page to load completely...]]>
    </line>
    <line>
      <![CDATA[The page 'Test App' is fully loaded now.]]>
    </line>
    <line>
      <![CDATA[Method: isHistoryCardPresent]]>
    </line>
    <line>
      <![CDATA[Method: clickHistory]]>
    </line>
    <line>
      <![CDATA[Method: clickHistoryCard]]>
    </line>
    <line>
      <![CDATA[Method: clickHistory]]>
    </line>
    <line>
      <![CDATA[Waiting for page to load completely...]]>
    </line>
    <line>
      <![CDATA[The page 'Test App' is fully loaded now.]]>
    </line>
    <line>
      <![CDATA[Method: readAnswer]]>
    </line>
    <line>
      <![CDATA[Method: waitForAnswerGeneration]]>
    </line>
    <line>
      <![CDATA[Waited on Answer text for: 2 seconds.]]>
    </line>
    <line>
      <![CDATA[Beginning test for a Search Results > Chat GPT Answer]]>
    </line>
    <line>
      <![CDATA[Beginning Login Modular Test...]]>
    </line>
    <line>
      <![CDATA[Waiting for page to load completely...]]>
    </line>
    <line>
      <![CDATA[The page '' is fully loaded now.]]>
    </line>
    <line>
      <![CDATA[Method: setEmail]]>
    </line>
    <line>
      <![CDATA[Method: setPassword]]>
    </line>
    <line>
      <![CDATA[Method: readEmail]]>
    </line>
    <line>
      <![CDATA[Email Address: jesse.childress@aretecinc.com]]>
    </line>
    <line>
      <![CDATA[Method: readEmail]]>
    </line>
    <line>
      <![CDATA[Method: clickLogin]]>
    </line>
    <line>
      <![CDATA[Waiting for page to load completely...]]>
    </line>
    <line>
      <![CDATA[The page '' is fully loaded now.]]>
    </line>
    <line>
      <![CDATA[Expected URL: https://test.dataimagineers.ai/]]>
    </line>
    <line>
      <![CDATA[Current URL : https://test.dataimagineers.ai/login]]>
    </line>
    <line>
      <![CDATA[Beginning Search Modular Test...
This is for the main search page from login...]]>
    </line>
    <line>
      <![CDATA[Waiting for page to load completely...]]>
    </line>
    <line>
      <![CDATA[The page '' is fully loaded now.]]>
    </line>
    <line>
      <![CDATA[Expected URL: https://test.dataimagineers.ai/]]>
    </line>
    <line>
      <![CDATA[Current URL : https://test.dataimagineers.ai/]]>
    </line>
    <line>
      <![CDATA[Method: clickAllDomainsButton]]>
    </line>
    <line>
      <![CDATA[Method: openClosedDomains]]>
    </line>
    <line>
      <![CDATA[Method: selectDomain]]>
    </line>
    <line>
      <![CDATA[Method: clickAllDomainsButton]]>
    </line>
    <line>
      <![CDATA[All Domains Button already clicked. Menus already present on page.]]>
    </line>
    <line>
      <![CDATA[Method: openClosedDomains]]>
    </line>
    <line>
      <![CDATA[Method: setSearchField]]>
    </line>
    <line>
      <![CDATA[Method: readSearchField]]>
    </line>
    <line>
      <![CDATA[Waiting for page to load completely...]]>
    </line>
    <line>
      <![CDATA[The page 'Test App' is fully loaded now.]]>
    </line>
    <line>
      <![CDATA[Expected URL: https://test.dataimagineers.ai/search-result.*]]>
    </line>
    <line>
      <![CDATA[Current URL : https://test.dataimagineers.ai/search-result?search=Give%20me%20a%20bulleted%20list%20of%20how%20Aretec%20can%20help%20my%20company%20solve%20my%20IT%20needs]]>
    </line>
    <line>
      <![CDATA[Waiting for page to load completely...]]>
    </line>
    <line>
      <![CDATA[The page 'Test App' is fully loaded now.]]>
    </line>
    <line>
      <![CDATA[Method: readAnswer]]>
    </line>
    <line>
      <![CDATA[Method: waitForChatBPTAnswerGeneration]]>
    </line>
    <line>
      <![CDATA[Waited on Chat GPT Answer text for: 4 seconds.]]>
    </line>
    <line>
      <![CDATA[Method: readAnswer]]>
    </line>
    <line>
      <![CDATA[Method: waitForChatBPTAnswerGeneration]]>
    </line>
    <line>
      <![CDATA[Waited on Chat GPT Answer text for: 1 seconds.]]>
    </line>
    <line>
      <![CDATA[Chat GPT Response: Aretec can provide customized IT solutions tailored specifically to meet the needs of your company.
They can assist in streamlining your IT infrastructure by implementing efficient systems and processes.
Aretec can help in identifying and resolving any existing IT issues or challenges that your company may be facing.
They can ensure the security of your company's data and information by implementing robust cybersecurity measures.
Aretec can provide ongoing IT support and maintenance services to ensure smooth operations and minimize downtime.
They offer expertise in cloud computing, enabling your company to leverage the benefits of cloud-based solutions and services.
Aretec can assist in optimizing your company's network and connectivity to enhance productivity and collaboration.
They can help in implementing effective data backup and disaster recovery solutions to safeguard your business continuity.
Aretec can assist in integrating and managing various software applications and tools to streamline your company's operations.
They offer IT consulting services to help your company stay updated with the latest technology trends and make informed IT decisions.]]>
    </line>
    <line>
      <![CDATA[Beginning test for a Search Results > Chat GPT Answer]]>
    </line>
    <line>
      <![CDATA[Beginning Login Modular Test...]]>
    </line>
    <line>
      <![CDATA[Waiting for page to load completely...]]>
    </line>
    <line>
      <![CDATA[The page '' is fully loaded now.]]>
    </line>
    <line>
      <![CDATA[Method: setEmail]]>
    </line>
    <line>
      <![CDATA[Method: setPassword]]>
    </line>
    <line>
      <![CDATA[Method: readEmail]]>
    </line>
    <line>
      <![CDATA[Email Address: jesse.childress@aretecinc.com]]>
    </line>
    <line>
      <![CDATA[Method: readEmail]]>
    </line>
    <line>
      <![CDATA[Method: clickLogin]]>
    </line>
    <line>
      <![CDATA[Waiting for page to load completely...]]>
    </line>
    <line>
      <![CDATA[The page '' is fully loaded now.]]>
    </line>
    <line>
      <![CDATA[Expected URL: https://test.dataimagineers.ai/]]>
    </line>
    <line>
      <![CDATA[Current URL : https://test.dataimagineers.ai/login]]>
    </line>
    <line>
      <![CDATA[Beginning Search Modular Test...
This is for the main search page from login...]]>
    </line>
    <line>
      <![CDATA[Waiting for page to load completely...]]>
    </line>
    <line>
      <![CDATA[The page '' is fully loaded now.]]>
    </line>
    <line>
      <![CDATA[Expected URL: https://test.dataimagineers.ai/]]>
    </line>
    <line>
      <![CDATA[Current URL : https://test.dataimagineers.ai/]]>
    </line>
    <line>
      <![CDATA[Method: clickAllDomainsButton]]>
    </line>
    <line>
      <![CDATA[Method: openClosedDomains]]>
    </line>
    <line>
      <![CDATA[Method: selectDomain]]>
    </line>
    <line>
      <![CDATA[Method: clickAllDomainsButton]]>
    </line>
    <line>
      <![CDATA[All Domains Button already clicked. Menus already present on page.]]>
    </line>
    <line>
      <![CDATA[Method: openClosedDomains]]>
    </line>
    <line>
      <![CDATA[Method: setSearchField]]>
    </line>
    <line>
      <![CDATA[Method: readSearchField]]>
    </line>
    <line>
      <![CDATA[Waiting for page to load completely...]]>
    </line>
    <line>
      <![CDATA[The page 'Test App' is fully loaded now.]]>
    </line>
    <line>
      <![CDATA[Expected URL: https://test.dataimagineers.ai/search-result.*]]>
    </line>
    <line>
      <![CDATA[Current URL : https://test.dataimagineers.ai/search-result?search=Give%20me%20a%20bulleted%20list%20of%20how%20Aretec%20can%20help%20my%20company%20solve%20my%20IT%20needs]]>
    </line>
    <line>
      <![CDATA[Waiting for page to load completely...]]>
    </line>
    <line>
      <![CDATA[The page 'Test App' is fully loaded now.]]>
    </line>
    <line>
      <![CDATA[Method: readAnswer]]>
    </line>
    <line>
      <![CDATA[Method: waitForChatBPTAnswerGeneration]]>
    </line>
    <line>
      <![CDATA[Waited on Chat GPT Answer text for: 5 seconds.]]>
    </line>
    <line>
      <![CDATA[Method: readAnswer]]>
    </line>
    <line>
      <![CDATA[Method: waitForChatBPTAnswerGeneration]]>
    </line>
    <line>
      <![CDATA[Waited on Chat GPT Answer text for: 1 seconds.]]>
    </line>
    <line>
      <![CDATA[Chat GPT Response: Aretec can provide a comprehensive assessment of your company's IT infrastructure and identify any areas of improvement or potential vulnerabilities.
Aretec can offer tailored IT solutions and strategies to meet your specific business objectives and requirements.
Aretec can assist in the implementation and integration of new technologies, such as cloud computing or cybersecurity measures, to enhance your company's IT capabilities.
Aretec can provide ongoing IT support and maintenance services, ensuring that your systems are running smoothly and efficiently.
Aretec can help streamline your business processes by implementing efficient and automated IT solutions, reducing manual tasks and improving productivity.
Aretec can offer disaster recovery and backup solutions, helping to protect your company's data and ensure business continuity in the event of an IT failure or breach.
Aretec can provide IT training and support to your employees, ensuring they have the necessary skills and knowledge to effectively utilize your company's IT resources.
Aretec can help optimize your IT budget by identifying cost-saving opportunities and recommending cost-effective solutions.
Aretec can proactively monitor your IT systems and networks, detecting and resolving any issues before they become major problems.
Aretec can assist with IT compliance and regulatory requirements, ensuring your company meets industry standards and regulations.]]>
    </line>
    <line>
      <![CDATA[Beginning test for a Search Results > Chat GPT Answer]]>
    </line>
    <line>
      <![CDATA[Beginning Login Modular Test...]]>
    </line>
    <line>
      <![CDATA[Waiting for page to load completely...]]>
    </line>
    <line>
      <![CDATA[The page '' is fully loaded now.]]>
    </line>
    <line>
      <![CDATA[Method: setEmail]]>
    </line>
    <line>
      <![CDATA[Method: setPassword]]>
    </line>
    <line>
      <![CDATA[Method: readEmail]]>
    </line>
    <line>
      <![CDATA[Email Address: jesse.childress@aretecinc.com]]>
    </line>
    <line>
      <![CDATA[Method: readEmail]]>
    </line>
    <line>
      <![CDATA[Method: clickLogin]]>
    </line>
    <line>
      <![CDATA[Waiting for page to load completely...]]>
    </line>
    <line>
      <![CDATA[The page '' is fully loaded now.]]>
    </line>
    <line>
      <![CDATA[Expected URL: https://test.dataimagineers.ai/]]>
    </line>
    <line>
      <![CDATA[Current URL : https://test.dataimagineers.ai/login]]>
    </line>
    <line>
      <![CDATA[Beginning Search Modular Test...
This is for the main search page from login...]]>
    </line>
    <line>
      <![CDATA[Waiting for page to load completely...]]>
    </line>
    <line>
      <![CDATA[The page '' is fully loaded now.]]>
    </line>
    <line>
      <![CDATA[Expected URL: https://test.dataimagineers.ai/]]>
    </line>
    <line>
      <![CDATA[Current URL : https://test.dataimagineers.ai/]]>
    </line>
    <line>
      <![CDATA[Method: clickAllDomainsButton]]>
    </line>
    <line>
      <![CDATA[Method: openClosedDomains]]>
    </line>
    <line>
      <![CDATA[Method: selectDomain]]>
    </line>
    <line>
      <![CDATA[Method: clickAllDomainsButton]]>
    </line>
    <line>
      <![CDATA[All Domains Button already clicked. Menus already present on page.]]>
    </line>
    <line>
      <![CDATA[Method: openClosedDomains]]>
    </line>
    <line>
      <![CDATA[Method: setSearchField]]>
    </line>
    <line>
      <![CDATA[Method: readSearchField]]>
    </line>
    <line>
      <![CDATA[Waiting for page to load completely...]]>
    </line>
    <line>
      <![CDATA[The page 'Test App' is fully loaded now.]]>
    </line>
    <line>
      <![CDATA[Expected URL: https://test.dataimagineers.ai/search-result.*]]>
    </line>
    <line>
      <![CDATA[Current URL : https://test.dataimagineers.ai/search-result?search=Give%20me%20a%20bulleted%20list%20of%20how%20Aretec%20can%20help%20my%20company%20solve%20my%20IT%20needs]]>
    </line>
    <line>
      <![CDATA[Waiting for page to load completely...]]>
    </line>
    <line>
      <![CDATA[The page 'Test App' is fully loaded now.]]>
    </line>
    <line>
      <![CDATA[Method: readAnswer]]>
    </line>
    <line>
      <![CDATA[Method: waitForChatBPTAnswerGeneration]]>
    </line>
    <line>
      <![CDATA[Waited on Chat GPT Answer text for: 1 seconds.]]>
    </line>
    <line>
      <![CDATA[Method: readAnswer]]>
    </line>
    <line>
      <![CDATA[Method: waitForChatBPTAnswerGeneration]]>
    </line>
    <line>
      <![CDATA[Waited on Chat GPT Answer text for: 4 seconds.]]>
    </line>
    <line>
      <![CDATA[Chat GPT Response: Aretec can provide a comprehensive analysis of your company's IT infrastructure and identify areas for improvement and optimization.
They can offer expertise in designing and implementing IT solutions tailored to your specific needs, ensuring scalability and efficiency.
Aretec can assist with network setup, including the installation and configuration of routers, switches, firewalls, and other networking equipment.
They can help in managing and securing your company's data and information, implementing data backup and recovery solutions, and ensuring data compliance.
Aretec can provide assistance in software and application development, including custom software solutions, mobile apps, and web development.
They can offer IT consulting services, providing guidance and recommendations on technology strategies, IT project management, and IT budget planning.
Aretec can provide ongoing IT support and maintenance, including help desk services, system monitoring, and troubleshooting.
They can assist in implementing cybersecurity measures to protect your company's IT infrastructure from threats such as malware, phishing attacks, and data breaches.
Aretec can help in integrating different software and systems, ensuring smooth communication and collaboration across departments.
They can provide training and support to your employees, ensuring they are equipped with the necessary skills to utilize IT solutions effectively.]]>
    </line>
    <line>
      <![CDATA[Beginning test for a Search Results > Chat GPT Answer]]>
    </line>
    <line>
      <![CDATA[Beginning Login Modular Test...]]>
    </line>
    <line>
      <![CDATA[Waiting for page to load completely...]]>
    </line>
    <line>
      <![CDATA[The page '' is fully loaded now.]]>
    </line>
    <line>
      <![CDATA[Method: setEmail]]>
    </line>
    <line>
      <![CDATA[Method: setPassword]]>
    </line>
    <line>
      <![CDATA[Method: readEmail]]>
    </line>
    <line>
      <![CDATA[Email Address: jesse.childress@aretecinc.com]]>
    </line>
    <line>
      <![CDATA[Method: readEmail]]>
    </line>
    <line>
      <![CDATA[Method: clickLogin]]>
    </line>
    <line>
      <![CDATA[Waiting for page to load completely...]]>
    </line>
    <line>
      <![CDATA[The page '' is fully loaded now.]]>
    </line>
    <line>
      <![CDATA[Expected URL: https://test.dataimagineers.ai/]]>
    </line>
    <line>
      <![CDATA[Current URL : https://test.dataimagineers.ai/login]]>
    </line>
    <line>
      <![CDATA[Beginning Search Modular Test...
This is for the main search page from login...]]>
    </line>
    <line>
      <![CDATA[Waiting for page to load completely...]]>
    </line>
    <line>
      <![CDATA[The page '' is fully loaded now.]]>
    </line>
    <line>
      <![CDATA[Expected URL: https://test.dataimagineers.ai/]]>
    </line>
    <line>
      <![CDATA[Current URL : https://test.dataimagineers.ai/]]>
    </line>
    <line>
      <![CDATA[Method: clickAllDomainsButton]]>
    </line>
    <line>
      <![CDATA[Method: openClosedDomains]]>
    </line>
    <line>
      <![CDATA[Method: selectDomain]]>
    </line>
    <line>
      <![CDATA[Method: clickAllDomainsButton]]>
    </line>
    <line>
      <![CDATA[All Domains Button already clicked. Menus already present on page.]]>
    </line>
    <line>
      <![CDATA[Method: openClosedDomains]]>
    </line>
    <line>
      <![CDATA[Method: setSearchField]]>
    </line>
    <line>
      <![CDATA[Method: readSearchField]]>
    </line>
    <line>
      <![CDATA[Waiting for page to load completely...]]>
    </line>
    <line>
      <![CDATA[The page 'Test App' is fully loaded now.]]>
    </line>
    <line>
      <![CDATA[Expected URL: https://test.dataimagineers.ai/search-result.*]]>
    </line>
    <line>
      <![CDATA[Current URL : https://test.dataimagineers.ai/search-result?search=Give%20me%20a%20bulleted%20list%20of%20how%20Aretec%20can%20help%20my%20company%20solve%20my%20IT%20needs]]>
    </line>
    <line>
      <![CDATA[Waiting for page to load completely...]]>
    </line>
    <line>
      <![CDATA[The page 'Test App' is fully loaded now.]]>
    </line>
    <line>
      <![CDATA[Method: readAnswer]]>
    </line>
    <line>
      <![CDATA[Method: waitForChatBPTAnswerGeneration]]>
    </line>
    <line>
      <![CDATA[Waited on Chat GPT Answer text for: 4 seconds.]]>
    </line>
    <line>
      <![CDATA[Method: readAnswer]]>
    </line>
    <line>
      <![CDATA[Method: waitForChatBPTAnswerGeneration]]>
    </line>
    <line>
      <![CDATA[Waited on Chat GPT Answer text for: 2 seconds.]]>
    </line>
    <line>
      <![CDATA[Chat GPT Response: Aretec can provide IT consulting services to identify and understand your company's IT needs.
Aretec can design and implement customized IT solutions tailored to your specific requirements.
Aretec can provide IT infrastructure management services to ensure efficient and reliable operation of your systems.
Aretec can offer cybersecurity solutions to protect your company's sensitive data and prevent unauthorized access.
Aretec can provide cloud computing solutions to enable efficient storage, access, and sharing of data.
Aretec can offer managed IT services to handle day-to-day IT tasks and support, allowing your team to focus on core business activities.
Aretec can provide data backup and recovery solutions to ensure your company's critical data is protected and can be easily restored if necessary.
Aretec can offer network solutions to optimize your company's connectivity and communication.
Aretec can provide software development services to create custom applications or enhance existing software to meet your unique business requirements.
Aretec can offer IT training and support services to empower your employees with the necessary skills and knowledge to effectively utilize IT systems.]]>
    </line>
    <line>
      <![CDATA[Beginning test for a Search Results > Chat GPT Answer]]>
    </line>
    <line>
      <![CDATA[Beginning Login Modular Test...]]>
    </line>
    <line>
      <![CDATA[Waiting for page to load completely...]]>
    </line>
    <line>
      <![CDATA[The page '' is fully loaded now.]]>
    </line>
    <line>
      <![CDATA[Method: setEmail]]>
    </line>
    <line>
      <![CDATA[Method: setPassword]]>
    </line>
    <line>
      <![CDATA[Method: readEmail]]>
    </line>
    <line>
      <![CDATA[Email Address: jesse.childress@aretecinc.com]]>
    </line>
    <line>
      <![CDATA[Method: readEmail]]>
    </line>
    <line>
      <![CDATA[Method: clickLogin]]>
    </line>
    <line>
      <![CDATA[Waiting for page to load completely...]]>
    </line>
    <line>
      <![CDATA[The page '' is fully loaded now.]]>
    </line>
    <line>
      <![CDATA[Expected URL: https://test.dataimagineers.ai/]]>
    </line>
    <line>
      <![CDATA[Current URL : https://test.dataimagineers.ai/login]]>
    </line>
    <line>
      <![CDATA[Beginning Search Modular Test...
This is for the main search page from login...]]>
    </line>
    <line>
      <![CDATA[Waiting for page to load completely...]]>
    </line>
    <line>
      <![CDATA[The page '' is fully loaded now.]]>
    </line>
    <line>
      <![CDATA[Expected URL: https://test.dataimagineers.ai/]]>
    </line>
    <line>
      <![CDATA[Current URL : https://test.dataimagineers.ai/]]>
    </line>
    <line>
      <![CDATA[Method: clickAllDomainsButton]]>
    </line>
    <line>
      <![CDATA[Method: openClosedDomains]]>
    </line>
    <line>
      <![CDATA[Method: selectDomain]]>
    </line>
    <line>
      <![CDATA[Method: clickAllDomainsButton]]>
    </line>
    <line>
      <![CDATA[All Domains Button already clicked. Menus already present on page.]]>
    </line>
    <line>
      <![CDATA[Method: openClosedDomains]]>
    </line>
    <line>
      <![CDATA[Method: setSearchField]]>
    </line>
    <line>
      <![CDATA[Method: readSearchField]]>
    </line>
    <line>
      <![CDATA[Waiting for page to load completely...]]>
    </line>
    <line>
      <![CDATA[The page 'Test App' is fully loaded now.]]>
    </line>
    <line>
      <![CDATA[Expected URL: https://test.dataimagineers.ai/search-result.*]]>
    </line>
    <line>
      <![CDATA[Current URL : https://test.dataimagineers.ai/search-result?search=Give%20me%20a%20bulleted%20list%20of%20how%20Aretec%20can%20help%20my%20company%20solve%20my%20IT%20needs]]>
    </line>
    <line>
      <![CDATA[Waiting for page to load completely...]]>
    </line>
    <line>
      <![CDATA[The page 'Test App' is fully loaded now.]]>
    </line>
    <line>
      <![CDATA[Method: readAnswer]]>
    </line>
    <line>
      <![CDATA[Method: waitForChatBPTAnswerGeneration]]>
    </line>
    <line>
      <![CDATA[Waited on Chat GPT Answer text for: 5 seconds.]]>
    </line>
    <line>
      <![CDATA[Method: readAnswer]]>
    </line>
    <line>
      <![CDATA[Method: waitForChatBPTAnswerGeneration]]>
    </line>
    <line>
      <![CDATA[Waited on Chat GPT Answer text for: 1 seconds.]]>
    </line>
    <line>
      <![CDATA[Chat GPT Response: Aretec can provide IT consulting services to assess your company's current IT infrastructure and identify areas of improvement.
They can assist in developing and implementing IT strategies and solutions that align with your business goals and objectives.
Aretec can offer managed IT services to handle day-to-day IT operations, including network management, server maintenance, and data backup and recovery.
They can help in implementing cybersecurity measures to protect your company's sensitive data and prevent unauthorized access or cyber threats.
Aretec can provide cloud computing solutions, allowing your company to store and access data and applications remotely, enhancing productivity and flexibility.
They can assist in the integration and customization of software and applications to streamline processes and improve efficiency.
Aretec can offer IT support services, providing assistance and troubleshooting for hardware, software, and network issues.
They can assist in the implementation of virtualization technologies, helping you optimize server resources and reduce costs.
Aretec can provide IT training and education to your employees to enhance their IT skills and knowledge.
They can offer ongoing monitoring and maintenance services to ensure the smooth operation of your IT systems and quickly address any issues that arise.]]>
    </line>
    <line>
      <![CDATA[Beginning test for a Search Results > Answer...]]>
    </line>
    <line>
      <![CDATA[Beginning Login Modular Test...]]>
    </line>
    <line>
      <![CDATA[Waiting for page to load completely...]]>
    </line>
    <line>
      <![CDATA[The page '' is fully loaded now.]]>
    </line>
    <line>
      <![CDATA[Method: setEmail]]>
    </line>
    <line>
      <![CDATA[Method: setPassword]]>
    </line>
    <line>
      <![CDATA[Method: readEmail]]>
    </line>
    <line>
      <![CDATA[Email Address: jesse.childress@aretecinc.com]]>
    </line>
    <line>
      <![CDATA[Method: readEmail]]>
    </line>
    <line>
      <![CDATA[Method: clickLogin]]>
    </line>
    <line>
      <![CDATA[Waiting for page to load completely...]]>
    </line>
    <line>
      <![CDATA[The page '' is fully loaded now.]]>
    </line>
    <line>
      <![CDATA[Expected URL: https://test.dataimagineers.ai/]]>
    </line>
    <line>
      <![CDATA[Current URL : https://test.dataimagineers.ai/login]]>
    </line>
    <line>
      <![CDATA[Beginning Search Modular Test...
This is for the main search page from login...]]>
    </line>
    <line>
      <![CDATA[Waiting for page to load completely...]]>
    </line>
    <line>
      <![CDATA[The page 'Test App' is fully loaded now.]]>
    </line>
    <line>
      <![CDATA[Expected URL: https://test.dataimagineers.ai/]]>
    </line>
    <line>
      <![CDATA[Current URL : https://test.dataimagineers.ai/]]>
    </line>
    <line>
      <![CDATA[Method: clickAllDomainsButton]]>
    </line>
    <line>
      <![CDATA[Method: openClosedDomains]]>
    </line>
    <line>
      <![CDATA[Method: selectDomain]]>
    </line>
    <line>
      <![CDATA[Method: clickAllDomainsButton]]>
    </line>
    <line>
      <![CDATA[All Domains Button already clicked. Menus already present on page.]]>
    </line>
    <line>
      <![CDATA[Method: openClosedDomains]]>
    </line>
    <line>
      <![CDATA[Method: setSearchField]]>
    </line>
    <line>
      <![CDATA[Method: readSearchField]]>
    </line>
    <line>
      <![CDATA[Waiting for page to load completely...]]>
    </line>
    <line>
      <![CDATA[The page 'Test App' is fully loaded now.]]>
    </line>
    <line>
      <![CDATA[Expected URL: https://test.dataimagineers.ai/search-result.*]]>
    </line>
    <line>
      <![CDATA[Current URL : https://test.dataimagineers.ai/search-result?search=How%20can%20Aretec%20save%20money%20on%20taxes?]]>
    </line>
    <line>
      <![CDATA[Waiting for page to load completely...]]>
    </line>
    <line>
      <![CDATA[The page 'Test App' is fully loaded now.]]>
    </line>
    <line>
      <![CDATA[Method: readAnswer]]>
    </line>
    <line>
      <![CDATA[Method: waitForAnswerGeneration]]>
    </line>
    <line>
      <![CDATA[Waited on Answer text for: 3 seconds.]]>
    </line>
    <line>
      <![CDATA[Beginning test for Recent search text...]]>
    </line>
    <line>
      <![CDATA[Beginning Login Modular Test...]]>
    </line>
    <line>
      <![CDATA[Waiting for page to load completely...]]>
    </line>
    <line>
      <![CDATA[The page '' is fully loaded now.]]>
    </line>
    <line>
      <![CDATA[Method: setEmail]]>
    </line>
    <line>
      <![CDATA[Method: setPassword]]>
    </line>
    <line>
      <![CDATA[Method: readEmail]]>
    </line>
    <line>
      <![CDATA[Email Address: jesse.childress@aretecinc.com]]>
    </line>
    <line>
      <![CDATA[Method: readEmail]]>
    </line>
    <line>
      <![CDATA[Method: clickLogin]]>
    </line>
    <line>
      <![CDATA[Waiting for page to load completely...]]>
    </line>
    <line>
      <![CDATA[The page '' is fully loaded now.]]>
    </line>
    <line>
      <![CDATA[Expected URL: https://test.dataimagineers.ai/]]>
    </line>
    <line>
      <![CDATA[Current URL : https://test.dataimagineers.ai/login]]>
    </line>
    <line>
      <![CDATA[Beginning Search Modular Test...
This is for the main search page from login...]]>
    </line>
    <line>
      <![CDATA[Waiting for page to load completely...]]>
    </line>
    <line>
      <![CDATA[The page '' is fully loaded now.]]>
    </line>
    <line>
      <![CDATA[Expected URL: https://test.dataimagineers.ai/]]>
    </line>
    <line>
      <![CDATA[Current URL : https://test.dataimagineers.ai/]]>
    </line>
    <line>
      <![CDATA[Method: clickAllDomainsButton]]>
    </line>
    <line>
      <![CDATA[Method: openClosedDomains]]>
    </line>
    <line>
      <![CDATA[Method: selectDomain]]>
    </line>
    <line>
      <![CDATA[Method: clickAllDomainsButton]]>
    </line>
    <line>
      <![CDATA[All Domains Button already clicked. Menus already present on page.]]>
    </line>
    <line>
      <![CDATA[Method: openClosedDomains]]>
    </line>
    <line>
      <![CDATA[Method: setSearchField]]>
    </line>
    <line>
      <![CDATA[Method: readSearchField]]>
    </line>
    <line>
      <![CDATA[Waiting for page to load completely...]]>
    </line>
    <line>
      <![CDATA[The page 'Test App' is fully loaded now.]]>
    </line>
    <line>
      <![CDATA[Expected URL: https://test.dataimagineers.ai/search-result.*]]>
    </line>
    <line>
      <![CDATA[Current URL : https://test.dataimagineers.ai/search-result?search=What%20does%20aretec%20do%20to%20grow%20and%20retain%20business?]]>
    </line>
    <line>
      <![CDATA[Waiting for page to load completely...]]>
    </line>
    <line>
      <![CDATA[The page 'Test App' is fully loaded now.]]>
    </line>
    <line>
      <![CDATA[Method: readAnswer]]>
    </line>
    <line>
      <![CDATA[Method: waitForAnswerGeneration]]>
    </line>
    <line>
      <![CDATA[Waited on Answer text for: 13 seconds.]]>
    </line>
    <line>
      <![CDATA[Method: clickHomeSlideMenuLink]]>
    </line>
    <line>
      <![CDATA[Waiting for page to load completely...]]>
    </line>
    <line>
      <![CDATA[The page 'Test App' is fully loaded now.]]>
    </line>
    <line>
      <![CDATA[Expected URL: https://test.dataimagineers.ai/]]>
    </line>
    <line>
      <![CDATA[Current URL : https://test.dataimagineers.ai/]]>
    </line>
    <line>
      <![CDATA[Method: isSearchTextInRecentSearches]]>
    </line>
    <line>
      <![CDATA[Current Search String: What does aretec do to grow and retain business?]]>
    </line>
    <line>
      <![CDATA[Method: isSearchTextInRecentSearches]]>
    </line>
    <line>
      <![CDATA[Beginning Login Modular Test...]]>
    </line>
    <line>
      <![CDATA[Waiting for page to load completely...]]>
    </line>
    <line>
      <![CDATA[The page '' is fully loaded now.]]>
    </line>
    <line>
      <![CDATA[Method: setEmail]]>
    </line>
    <line>
      <![CDATA[Method: setPassword]]>
    </line>
    <line>
      <![CDATA[Method: readEmail]]>
    </line>
    <line>
      <![CDATA[Email Address: jesse.childress@aretecinc.com]]>
    </line>
    <line>
      <![CDATA[Method: readEmail]]>
    </line>
    <line>
      <![CDATA[Method: clickLogin]]>
    </line>
    <line>
      <![CDATA[Waiting for page to load completely...]]>
    </line>
    <line>
      <![CDATA[The page '' is fully loaded now.]]>
    </line>
    <line>
      <![CDATA[Expected URL: https://test.dataimagineers.ai/]]>
    </line>
    <line>
      <![CDATA[Current URL : https://test.dataimagineers.ai/login]]>
    </line>
    <line>
      <![CDATA[Waiting for page to load completely...]]>
    </line>
    <line>
      <![CDATA[The page '' is fully loaded now.]]>
    </line>
    <line>
      <![CDATA[Expected URL: https://test.dataimagineers.ai/]]>
    </line>
    <line>
      <![CDATA[Current URL : https://test.dataimagineers.ai/]]>
    </line>
    <line>
      <![CDATA[Method: clickDocumentsSlideMenuLink]]>
    </line>
    <line>
      <![CDATA[Waiting for page to load completely...]]>
    </line>
    <line>
      <![CDATA[The page 'Test App' is fully loaded now.]]>
    </line>
    <line>
      <![CDATA[Expected URL: https://test.dataimagineers.ai/documents]]>
    </line>
    <line>
      <![CDATA[Current URL : https://test.dataimagineers.ai/documents]]>
    </line>
    <line>
      <![CDATA[Beginning click Link In Row search for 'Aretec - Test A.pdf' in column 'File Name(s)'.]]>
    </line>
    <line>
      <![CDATA[Method: getPaginationPageNumber]]>
    </line>
    <line>
      <![CDATA[Currently on table page: 1]]>
    </line>
    <line>
      <![CDATA[Method: clickNextPagination]]>
    </line>
    <line>
      <![CDATA[Waiting for page to load completely...]]>
    </line>
    <line>
      <![CDATA[The page 'Test App' is fully loaded now.]]>
    </line>
    <line>
      <![CDATA[Waiting for page to load completely...]]>
    </line>
    <line>
      <![CDATA[The page 'Test App' is fully loaded now.]]>
    </line>
    <line>
      <![CDATA[Beginning click Link In Row search for 'Aretec - Test A.pdf' in column 'File Name(s)'.]]>
    </line>
    <line>
      <![CDATA[Method: getPaginationPageNumber]]>
    </line>
    <line>
      <![CDATA[Currently on table page: 2]]>
    </line>
    <line>
      <![CDATA[Link Aretec - Test A.pdf clicked for row 9.]]>
    </line>
    <line>
      <![CDATA[Waiting for page to load completely...]]>
    </line>
    <line>
      <![CDATA[The page 'Test App' is fully loaded now.]]>
    </line>
    <line>
      <![CDATA[Expected URL: https://test.dataimagineers.ai/doc-details]]>
    </line>
    <line>
      <![CDATA[Current URL : https://test.dataimagineers.ai/doc-details]]>
    </line>
    <line>
      <![CDATA[Waiting for page to load completely...]]>
    </line>
    <line>
      <![CDATA[The page 'Test App' is fully loaded now.]]>
    </line>
    <line>
      <![CDATA[Method: isOverviewLinkPresent]]>
    </line>
    <line>
      <![CDATA[Method: isPoliciesLinkPresent]]>
    </line>
    <line>
      <![CDATA[Method: isPeopleLinkPresent]]>
    </line>
    <line>
      <![CDATA[Method: isTechnologyLinkPresent]]>
    </line>
    <line>
      <![CDATA[Method: isProcessesLinkPresent]]>
    </line>
    <line>
      <![CDATA[Method: isOtherLinkPresent]]>
    </line>
    <line>
      <![CDATA[Method: isImagesLinkPresent]]>
    </line>
    <line>
      <![CDATA[Method: isTablesLinkPresent]]>
    </line>
  </reporter-output>
  <suite started-at="2023-08-07T09:34:51 EDT" name="Entire Suite" finished-at="2023-08-07T09:41:20 EDT" duration-ms="389041">
    <groups>
    </groups>
    <test started-at="2023-08-07T09:34:51 EDT" name="Upload Files" finished-at="2023-08-07T09:35:15 EDT" duration-ms="23748">
      <class name="testCases.UploadFiles">
        <test-method signature="uploadFiles()[pri:0, instance:testCases.UploadFiles@19932c16]" started-at="2023-08-07T09:34:51 EDT" name="uploadFiles" finished-at="2023-08-07T09:35:14 EDT" duration-ms="23034" status="FAIL">
          <exception class="java.lang.RuntimeException">
            <message>
              <![CDATA[There are multiple cells in column index 0 with the value SQA Test A - Software Testing Overview.pdf. Cannot determine a unique value.]]>
            </message>
            <full-stacktrace>
              <![CDATA[java.lang.RuntimeException: There are multiple cells in column index 0 with the value SQA Test A - Software Testing Overview.pdf. Cannot determine a unique value.
at utilities.DiTables.getRowIndex(DiTables.java:879)
at utilities.DiTables.isRowInTableByValue(DiTables.java:428)
at testCases.UploadFiles.uploadFiles(UploadFiles.java:79)
at java.base/jdk.internal.reflect.NativeMethodAccessorImpl.invoke0(Native Method)
at java.base/jdk.internal.reflect.NativeMethodAccessorImpl.invoke(NativeMethodAccessorImpl.java:77)
at java.base/jdk.internal.reflect.DelegatingMethodAccessorImpl.invoke(DelegatingMethodAccessorImpl.java:43)
at java.base/java.lang.reflect.Method.invoke(Method.java:568)
at org.testng.internal.invokers.MethodInvocationHelper.invokeMethod(MethodInvocationHelper.java:139)
at org.testng.internal.invokers.TestInvoker.invokeMethod(TestInvoker.java:677)
at org.testng.internal.invokers.TestInvoker.invokeTestMethod(TestInvoker.java:221)
at org.testng.internal.invokers.MethodRunner.runInSequence(MethodRunner.java:50)
at org.testng.internal.invokers.TestInvoker$MethodInvocationAgent.invoke(TestInvoker.java:969)
at org.testng.internal.invokers.TestInvoker.invokeTestMethods(TestInvoker.java:194)
at org.testng.internal.invokers.TestMethodWorker.invokeTestMethods(TestMethodWorker.java:148)
at org.testng.internal.invokers.TestMethodWorker.run(TestMethodWorker.java:128)
at java.base/java.util.concurrent.ThreadPoolExecutor.runWorker(ThreadPoolExecutor.java:1136)
at java.base/java.util.concurrent.ThreadPoolExecutor$Worker.run(ThreadPoolExecutor.java:635)
at java.base/java.lang.Thread.run(Thread.java:833)
]]>
            </full-stacktrace>
          </exception> <!-- java.lang.RuntimeException -->
          <reporter-output>
            <line>
              <![CDATA[Beginning Login Modular Test...]]>
            </line>
            <line>
              <![CDATA[Waiting for page to load completely...]]>
            </line>
            <line>
              <![CDATA[The page '' is fully loaded now.]]>
            </line>
            <line>
              <![CDATA[Method: setEmail]]>
            </line>
            <line>
              <![CDATA[Method: setPassword]]>
            </line>
            <line>
              <![CDATA[Method: readEmail]]>
            </line>
            <line>
              <![CDATA[Email Address: jesse.childress@aretecinc.com]]>
            </line>
            <line>
              <![CDATA[Method: readEmail]]>
            </line>
            <line>
              <![CDATA[Method: clickLogin]]>
            </line>
            <line>
              <![CDATA[Waiting for page to load completely...]]>
            </line>
            <line>
              <![CDATA[The page '' is fully loaded now.]]>
            </line>
            <line>
              <![CDATA[Expected URL: https://test.dataimagineers.ai/]]>
            </line>
            <line>
              <![CDATA[Current URL : https://test.dataimagineers.ai/login]]>
            </line>
            <line>
              <![CDATA[Waiting for page to load completely...]]>
            </line>
            <line>
              <![CDATA[The page 'Test App' is fully loaded now.]]>
            </line>
            <line>
              <![CDATA[Expected URL: https://test.dataimagineers.ai/]]>
            </line>
            <line>
              <![CDATA[Current URL : https://test.dataimagineers.ai/]]>
            </line>
            <line>
              <![CDATA[Method: clickDocumentsSlideMenuLink]]>
            </line>
            <line>
              <![CDATA[Waiting for page to load completely...]]>
            </line>
            <line>
              <![CDATA[The page 'Test App' is fully loaded now.]]>
            </line>
            <line>
              <![CDATA[Expected URL: https://test.dataimagineers.ai/documents]]>
            </line>
            <line>
              <![CDATA[Current URL : https://test.dataimagineers.ai/documents]]>
            </line>
            <line>
              <![CDATA[Method: selectDomain]]>
            </line>
            <line>
              <![CDATA[Method: clickDomains]]>
            </line>
            <line>
              <![CDATA[Method: openClosedDomains]]>
            </line>
            <line>
              <![CDATA[Method: clickSearchDomains]]>
            </line>
            <line>
              <![CDATA[Waiting for page to load completely...]]>
            </line>
            <line>
              <![CDATA[The page 'Test App' is fully loaded now.]]>
            </line>
            <line>
              <![CDATA[Beginning isRowInTable search for 'SQA Test A - Software Testing Overview.pdf' in column 'File Name(s)'.]]>
            </line>
            <line>
              <![CDATA[Method: getPaginationPageNumber]]>
            </line>
            <line>
              <![CDATA[Currently on table page: 1]]>
            </line>
          </reporter-output>
        </test-method> <!-- uploadFiles -->
        <test-method is-config="true" signature="afterMethod(org.testng.ITestResult)[pri:0, instance:testCases.UploadFiles@19932c16]" started-at="2023-08-07T09:35:14 EDT" name="afterMethod" finished-at="2023-08-07T09:35:15 EDT" duration-ms="583" status="PASS">
          <params>
            <param index="0">
              <value>
                <![CDATA[[TestResult name=uploadFiles status=FAILURE method=UploadFiles.uploadFiles()[pri:0, instance:testCases.UploadFiles@19932c16] output=Beginning Login Modular Test...]]]>
              </value>
            </param>
          </params>
          <reporter-output>
          </reporter-output>
        </test-method> <!-- afterMethod -->
        <test-method is-config="true" signature="afterClass()[pri:0, instance:testCases.UploadFiles@19932c16]" started-at="2023-08-07T09:35:15 EDT" name="afterClass" finished-at="2023-08-07T09:35:15 EDT" duration-ms="1" status="PASS">
          <reporter-output>
          </reporter-output>
        </test-method> <!-- afterClass -->
      </class> <!-- testCases.UploadFiles -->
    </test> <!-- Upload Files -->
    <test started-at="2023-08-07T09:35:15 EDT" name="Search Results - References Validation" finished-at="2023-08-07T09:37:14 EDT" duration-ms="119406">
      <class name="testCases.SearchResultsReferencesValidation">
        <test-method signature="searchReferencesValidation()[pri:0, instance:testCases.SearchResultsReferencesValidation@20b2475a]" started-at="2023-08-07T09:35:15 EDT" name="searchReferencesValidation" finished-at="2023-08-07T09:35:37 EDT" duration-ms="22156" status="FAIL">
          <exception class="java.lang.AssertionError">
            <message>
              <![CDATA[Search Results Page > References > Date format xxxx-xx-xx expected [true] but found [false]]]>
            </message>
            <full-stacktrace>
              <![CDATA[java.lang.AssertionError: Search Results Page > References > Date format xxxx-xx-xx expected [true] but found [false]
at org.testng.Assert.fail(Assert.java:110)
at org.testng.Assert.failNotEquals(Assert.java:1577)
at org.testng.Assert.assertTrue(Assert.java:56)
at testCases.SearchResultsReferencesValidation.searchReferencesValidation(SearchResultsReferencesValidation.java:41)
at java.base/jdk.internal.reflect.NativeMethodAccessorImpl.invoke0(Native Method)
at java.base/jdk.internal.reflect.NativeMethodAccessorImpl.invoke(NativeMethodAccessorImpl.java:77)
at java.base/jdk.internal.reflect.DelegatingMethodAccessorImpl.invoke(DelegatingMethodAccessorImpl.java:43)
at java.base/java.lang.reflect.Method.invoke(Method.java:568)
at org.testng.internal.invokers.MethodInvocationHelper.invokeMethod(MethodInvocationHelper.java:139)
at org.testng.internal.invokers.TestInvoker.invokeMethod(TestInvoker.java:677)
at org.testng.internal.invokers.TestInvoker.invokeTestMethod(TestInvoker.java:221)
at org.testng.internal.invokers.MethodRunner.runInSequence(MethodRunner.java:50)
at org.testng.internal.invokers.TestInvoker$MethodInvocationAgent.invoke(TestInvoker.java:969)
at org.testng.internal.invokers.TestInvoker.invokeTestMethods(TestInvoker.java:194)
at org.testng.internal.invokers.TestMethodWorker.invokeTestMethods(TestMethodWorker.java:148)
at org.testng.internal.invokers.TestMethodWorker.run(TestMethodWorker.java:128)
at java.base/java.util.concurrent.ThreadPoolExecutor.runWorker(ThreadPoolExecutor.java:1136)
at java.base/java.util.concurrent.ThreadPoolExecutor$Worker.run(ThreadPoolExecutor.java:635)
at java.base/java.lang.Thread.run(Thread.java:833)
]]>
            </full-stacktrace>
          </exception> <!-- java.lang.AssertionError -->
          <reporter-output>
            <line>
              <![CDATA[Beginning test for Search Results > References...]]>
            </line>
            <line>
              <![CDATA[Beginning Login Modular Test...]]>
            </line>
            <line>
              <![CDATA[Waiting for page to load completely...]]>
            </line>
            <line>
              <![CDATA[The page '' is fully loaded now.]]>
            </line>
            <line>
              <![CDATA[Method: setEmail]]>
            </line>
            <line>
              <![CDATA[Method: setPassword]]>
            </line>
            <line>
              <![CDATA[Method: readEmail]]>
            </line>
            <line>
              <![CDATA[Email Address: jesse.childress@aretecinc.com]]>
            </line>
            <line>
              <![CDATA[Method: readEmail]]>
            </line>
            <line>
              <![CDATA[Method: clickLogin]]>
            </line>
            <line>
              <![CDATA[Waiting for page to load completely...]]>
            </line>
            <line>
              <![CDATA[The page '' is fully loaded now.]]>
            </line>
            <line>
              <![CDATA[Expected URL: https://test.dataimagineers.ai/]]>
            </line>
            <line>
              <![CDATA[Current URL : https://test.dataimagineers.ai/login]]>
            </line>
            <line>
              <![CDATA[Beginning Search Modular Test...
This is for the main search page from login...]]>
            </line>
            <line>
              <![CDATA[Waiting for page to load completely...]]>
            </line>
            <line>
              <![CDATA[The page '' is fully loaded now.]]>
            </line>
            <line>
              <![CDATA[Expected URL: https://test.dataimagineers.ai/]]>
            </line>
            <line>
              <![CDATA[Current URL : https://test.dataimagineers.ai/]]>
            </line>
            <line>
              <![CDATA[Method: clickAllDomainsButton]]>
            </line>
            <line>
              <![CDATA[Method: openClosedDomains]]>
            </line>
            <line>
              <![CDATA[Method: selectDomain]]>
            </line>
            <line>
              <![CDATA[Method: clickAllDomainsButton]]>
            </line>
            <line>
              <![CDATA[All Domains Button already clicked. Menus already present on page.]]>
            </line>
            <line>
              <![CDATA[Method: openClosedDomains]]>
            </line>
            <line>
              <![CDATA[Method: setSearchField]]>
            </line>
            <line>
              <![CDATA[Method: readSearchField]]>
            </line>
            <line>
              <![CDATA[Waiting for page to load completely...]]>
            </line>
            <line>
              <![CDATA[The page 'Test App' is fully loaded now.]]>
            </line>
            <line>
              <![CDATA[Expected URL: https://test.dataimagineers.ai/search-result.*]]>
            </line>
            <line>
              <![CDATA[Current URL : https://test.dataimagineers.ai/search-result?search=How%20can%20Aretec%20benefit%20from%20Software%20Quality%20Assurance%20Testing?]]>
            </line>
            <line>
              <![CDATA[Waiting for page to load completely...]]>
            </line>
            <line>
              <![CDATA[The page 'Test App' is fully loaded now.]]>
            </line>
            <line>
              <![CDATA[Method: readAnswer]]>
            </line>
            <line>
              <![CDATA[Method: waitForAnswerGeneration]]>
            </line>
            <line>
              <![CDATA[Waited on Answer text for: 3 seconds.]]>
            </line>
            <line>
              <![CDATA[Method: readFileName]]>
            </line>
            <line>
              <![CDATA[Method: readUploadDate]]>
            </line>
          </reporter-output>
        </test-method> <!-- searchReferencesValidation -->
        <test-method is-config="true" signature="afterMethod(org.testng.ITestResult)[pri:0, instance:testCases.SearchResultsReferencesValidation@20b2475a]" started-at="2023-08-07T09:35:37 EDT" name="afterMethod" finished-at="2023-08-07T09:35:37 EDT" duration-ms="541" status="PASS">
          <params>
            <param index="0">
              <value>
                <![CDATA[[TestResult name=searchReferencesValidation status=FAILURE method=SearchResultsReferencesValidation.searchReferencesValidation()[pri:0, instance:testCases.SearchResultsReferencesValidation@20b2475a] output=Beginning test for Search Results > References...]]]>
              </value>
            </param>
          </params>
          <reporter-output>
          </reporter-output>
        </test-method> <!-- afterMethod -->
        <test-method signature="searchReferencesValidation()[pri:0, instance:testCases.SearchResultsReferencesValidation@20b2475a]" started-at="2023-08-07T09:35:37 EDT" name="searchReferencesValidation" finished-at="2023-08-07T09:36:06 EDT" duration-ms="28612" status="FAIL">
          <exception class="java.lang.AssertionError">
            <message>
              <![CDATA[Search Results Page > References > Date format xxxx-xx-xx expected [true] but found [false]]]>
            </message>
            <full-stacktrace>
              <![CDATA[java.lang.AssertionError: Search Results Page > References > Date format xxxx-xx-xx expected [true] but found [false]
at org.testng.Assert.fail(Assert.java:110)
at org.testng.Assert.failNotEquals(Assert.java:1577)
at org.testng.Assert.assertTrue(Assert.java:56)
at testCases.SearchResultsReferencesValidation.searchReferencesValidation(SearchResultsReferencesValidation.java:41)
at java.base/jdk.internal.reflect.NativeMethodAccessorImpl.invoke0(Native Method)
at java.base/jdk.internal.reflect.NativeMethodAccessorImpl.invoke(NativeMethodAccessorImpl.java:77)
at java.base/jdk.internal.reflect.DelegatingMethodAccessorImpl.invoke(DelegatingMethodAccessorImpl.java:43)
at java.base/java.lang.reflect.Method.invoke(Method.java:568)
at org.testng.internal.invokers.MethodInvocationHelper.invokeMethod(MethodInvocationHelper.java:139)
at org.testng.internal.invokers.TestInvoker.invokeMethod(TestInvoker.java:677)
at org.testng.internal.invokers.TestInvoker.invokeTestMethod(TestInvoker.java:221)
at org.testng.internal.invokers.MethodRunner.runInSequence(MethodRunner.java:50)
at org.testng.internal.invokers.TestInvoker$MethodInvocationAgent.invoke(TestInvoker.java:969)
at org.testng.internal.invokers.TestInvoker.invokeTestMethods(TestInvoker.java:194)
at org.testng.internal.invokers.TestMethodWorker.invokeTestMethods(TestMethodWorker.java:148)
at org.testng.internal.invokers.TestMethodWorker.run(TestMethodWorker.java:128)
at java.base/java.util.concurrent.ThreadPoolExecutor.runWorker(ThreadPoolExecutor.java:1136)
at java.base/java.util.concurrent.ThreadPoolExecutor$Worker.run(ThreadPoolExecutor.java:635)
at java.base/java.lang.Thread.run(Thread.java:833)
]]>
            </full-stacktrace>
          </exception> <!-- java.lang.AssertionError -->
          <reporter-output>
            <line>
              <![CDATA[Beginning test for Search Results > References...]]>
            </line>
            <line>
              <![CDATA[Beginning Login Modular Test...]]>
            </line>
            <line>
              <![CDATA[Waiting for page to load completely...]]>
            </line>
            <line>
              <![CDATA[The page '' is fully loaded now.]]>
            </line>
            <line>
              <![CDATA[Method: setEmail]]>
            </line>
            <line>
              <![CDATA[Method: setPassword]]>
            </line>
            <line>
              <![CDATA[Method: readEmail]]>
            </line>
            <line>
              <![CDATA[Email Address: jesse.childress@aretecinc.com]]>
            </line>
            <line>
              <![CDATA[Method: readEmail]]>
            </line>
            <line>
              <![CDATA[Method: clickLogin]]>
            </line>
            <line>
              <![CDATA[Waiting for page to load completely...]]>
            </line>
            <line>
              <![CDATA[The page '' is fully loaded now.]]>
            </line>
            <line>
              <![CDATA[Expected URL: https://test.dataimagineers.ai/]]>
            </line>
            <line>
              <![CDATA[Current URL : https://test.dataimagineers.ai/login]]>
            </line>
            <line>
              <![CDATA[Beginning Search Modular Test...
This is for the main search page from login...]]>
            </line>
            <line>
              <![CDATA[Waiting for page to load completely...]]>
            </line>
            <line>
              <![CDATA[The page '' is fully loaded now.]]>
            </line>
            <line>
              <![CDATA[Expected URL: https://test.dataimagineers.ai/]]>
            </line>
            <line>
              <![CDATA[Current URL : https://test.dataimagineers.ai/]]>
            </line>
            <line>
              <![CDATA[Method: clickAllDomainsButton]]>
            </line>
            <line>
              <![CDATA[Method: openClosedDomains]]>
            </line>
            <line>
              <![CDATA[Method: selectDomain]]>
            </line>
            <line>
              <![CDATA[Method: clickAllDomainsButton]]>
            </line>
            <line>
              <![CDATA[All Domains Button already clicked. Menus already present on page.]]>
            </line>
            <line>
              <![CDATA[Method: openClosedDomains]]>
            </line>
            <line>
              <![CDATA[Method: setSearchField]]>
            </line>
            <line>
              <![CDATA[Method: readSearchField]]>
            </line>
            <line>
              <![CDATA[Waiting for page to load completely...]]>
            </line>
            <line>
              <![CDATA[The page 'Test App' is fully loaded now.]]>
            </line>
            <line>
              <![CDATA[Expected URL: https://test.dataimagineers.ai/search-result.*]]>
            </line>
            <line>
              <![CDATA[Current URL : https://test.dataimagineers.ai/search-result?search=How%20can%20Aretec%20benefit%20from%20Software%20Quality%20Assurance%20Testing?]]>
            </line>
            <line>
              <![CDATA[Waiting for page to load completely...]]>
            </line>
            <line>
              <![CDATA[The page 'Test App' is fully loaded now.]]>
            </line>
            <line>
              <![CDATA[Method: readAnswer]]>
            </line>
            <line>
              <![CDATA[Method: waitForAnswerGeneration]]>
            </line>
            <line>
              <![CDATA[Waited on Answer text for: 10 seconds.]]>
            </line>
            <line>
              <![CDATA[Method: readFileName]]>
            </line>
            <line>
              <![CDATA[Method: readUploadDate]]>
            </line>
          </reporter-output>
        </test-method> <!-- searchReferencesValidation -->
        <test-method is-config="true" signature="afterMethod(org.testng.ITestResult)[pri:0, instance:testCases.SearchResultsReferencesValidation@20b2475a]" started-at="2023-08-07T09:36:06 EDT" name="afterMethod" finished-at="2023-08-07T09:36:06 EDT" duration-ms="485" status="PASS">
          <params>
            <param index="0">
              <value>
                <![CDATA[[TestResult name=searchReferencesValidation status=FAILURE method=SearchResultsReferencesValidation.searchReferencesValidation()[pri:0, instance:testCases.SearchResultsReferencesValidation@20b2475a] output=Beginning test for Search Results > References...]]]>
              </value>
            </param>
          </params>
          <reporter-output>
          </reporter-output>
        </test-method> <!-- afterMethod -->
[...]
              <value>
                <![CDATA[[TestResult name=searchResultsChatGPTValidation status=SUCCESS method=SearchResultsChatGPT.searchResultsChatGPTValidation()[pri:0, instance:testCases.SearchResultsChatGPT@69504ae9] output=Beginning test for a Search Results > Chat GPT Answer]]]>
              </value>
            </param>
          </params>
          <reporter-output>
          </reporter-output>
        </test-method> <!-- afterMethod -->
        <test-method is-config="true" signature="afterClass()[pri:0, instance:testCases.SearchResultsChatGPT@69504ae9]" started-at="2023-08-07T09:40:10 EDT" name="afterClass" finished-at="2023-08-07T09:40:10 EDT" duration-ms="1" status="PASS">
          <reporter-output>
          </reporter-output>
        </test-method> <!-- afterClass -->
      </class> <!-- testCases.SearchResultsChatGPT -->
    </test> <!-- Search Results - Chat GPT -->
    <test started-at="2023-08-07T09:40:11 EDT" name="Search Results - Answer" finished-at="2023-08-07T09:40:30 EDT" duration-ms="19656">
      <class name="testCases.SearchResultsAnswer">
        <test-method signature="searchAnswerValidation()[pri:0, instance:testCases.SearchResultsAnswer@475c9c31]" started-at="2023-08-07T09:40:11 EDT" name="searchAnswerValidation" finished-at="2023-08-07T09:40:30 EDT" duration-ms="19301" status="PASS">
          <reporter-output>
            <line>
              <![CDATA[Beginning test for a Search Results > Answer...]]>
            </line>
            <line>
              <![CDATA[Beginning Login Modular Test...]]>
            </line>
            <line>
              <![CDATA[Waiting for page to load completely...]]>
            </line>
            <line>
              <![CDATA[The page '' is fully loaded now.]]>
            </line>
            <line>
              <![CDATA[Method: setEmail]]>
            </line>
            <line>
              <![CDATA[Method: setPassword]]>
            </line>
            <line>
              <![CDATA[Method: readEmail]]>
            </line>
            <line>
              <![CDATA[Email Address: jesse.childress@aretecinc.com]]>
            </line>
            <line>
              <![CDATA[Method: readEmail]]>
            </line>
            <line>
              <![CDATA[Method: clickLogin]]>
            </line>
            <line>
              <![CDATA[Waiting for page to load completely...]]>
            </line>
            <line>
              <![CDATA[The page '' is fully loaded now.]]>
            </line>
            <line>
              <![CDATA[Expected URL: https://test.dataimagineers.ai/]]>
            </line>
            <line>
              <![CDATA[Current URL : https://test.dataimagineers.ai/login]]>
            </line>
            <line>
              <![CDATA[Beginning Search Modular Test...
This is for the main search page from login...]]>
            </line>
            <line>
              <![CDATA[Waiting for page to load completely...]]>
            </line>
            <line>
              <![CDATA[The page 'Test App' is fully loaded now.]]>
            </line>
            <line>
              <![CDATA[Expected URL: https://test.dataimagineers.ai/]]>
            </line>
            <line>
              <![CDATA[Current URL : https://test.dataimagineers.ai/]]>
            </line>
            <line>
              <![CDATA[Method: clickAllDomainsButton]]>
            </line>
            <line>
              <![CDATA[Method: openClosedDomains]]>
            </line>
            <line>
              <![CDATA[Method: selectDomain]]>
            </line>
            <line>
              <![CDATA[Method: clickAllDomainsButton]]>
            </line>
            <line>
              <![CDATA[All Domains Button already clicked. Menus already present on page.]]>
            </line>
            <line>
              <![CDATA[Method: openClosedDomains]]>
            </line>
            <line>
              <![CDATA[Method: setSearchField]]>
            </line>
            <line>
              <![CDATA[Method: readSearchField]]>
            </line>
            <line>
              <![CDATA[Waiting for page to load completely...]]>
            </line>
            <line>
              <![CDATA[The page 'Test App' is fully loaded now.]]>
            </line>
            <line>
              <![CDATA[Expected URL: https://test.dataimagineers.ai/search-result.*]]>
            </line>
            <line>
              <![CDATA[Current URL : https://test.dataimagineers.ai/search-result?search=How%20can%20Aretec%20save%20money%20on%20taxes?]]>
            </line>
            <line>
              <![CDATA[Waiting for page to load completely...]]>
            </line>
            <line>
              <![CDATA[The page 'Test App' is fully loaded now.]]>
            </line>
            <line>
              <![CDATA[Method: readAnswer]]>
            </line>
            <line>
              <![CDATA[Method: waitForAnswerGeneration]]>
            </line>
            <line>
              <![CDATA[Waited on Answer text for: 3 seconds.]]>
            </line>
          </reporter-output>
        </test-method> <!-- searchAnswerValidation -->
        <test-method is-config="true" signature="afterMethod(org.testng.ITestResult)[pri:0, instance:testCases.SearchResultsAnswer@475c9c31]" started-at="2023-08-07T09:40:30 EDT" name="afterMethod" finished-at="2023-08-07T09:40:30 EDT" duration-ms="351" status="PASS">
          <params>
            <param index="0">
              <value>
                <![CDATA[[TestResult name=searchAnswerValidation status=SUCCESS method=SearchResultsAnswer.searchAnswerValidation()[pri:0, instance:testCases.SearchResultsAnswer@475c9c31] output=Beginning test for a Search Results > Answer...]]]>
              </value>
            </param>
          </params>
          <reporter-output>
          </reporter-output>
        </test-method> <!-- afterMethod -->
        <test-method is-config="true" signature="afterClass()[pri:0, instance:testCases.SearchResultsAnswer@475c9c31]" started-at="2023-08-07T09:40:30 EDT" name="afterClass" finished-at="2023-08-07T09:40:30 EDT" duration-ms="1" status="PASS">
          <reporter-output>
          </reporter-output>
        </test-method> <!-- afterClass -->
      </class> <!-- testCases.SearchResultsAnswer -->
    </test> <!-- Search Results - Answer -->
    <test started-at="2023-08-07T09:40:30 EDT" name="Recent Searches" finished-at="2023-08-07T09:41:03 EDT" duration-ms="33230">
      <class name="testCases.RecentSearches">
        <test-method signature="validateRecentSearches()[pri:0, instance:testCases.RecentSearches@7fb4f2a9]" started-at="2023-08-07T09:40:30 EDT" name="validateRecentSearches" finished-at="2023-08-07T09:41:03 EDT" duration-ms="32681" status="PASS">
          <reporter-output>
            <line>
              <![CDATA[Beginning test for Recent search text...]]>
            </line>
            <line>
              <![CDATA[Beginning Login Modular Test...]]>
            </line>
            <line>
              <![CDATA[Waiting for page to load completely...]]>
            </line>
            <line>
              <![CDATA[The page '' is fully loaded now.]]>
            </line>
            <line>
              <![CDATA[Method: setEmail]]>
            </line>
            <line>
              <![CDATA[Method: setPassword]]>
            </line>
            <line>
              <![CDATA[Method: readEmail]]>
            </line>
            <line>
              <![CDATA[Email Address: jesse.childress@aretecinc.com]]>
            </line>
            <line>
              <![CDATA[Method: readEmail]]>
            </line>
            <line>
              <![CDATA[Method: clickLogin]]>
            </line>
            <line>
              <![CDATA[Waiting for page to load completely...]]>
            </line>
            <line>
              <![CDATA[The page '' is fully loaded now.]]>
            </line>
            <line>
              <![CDATA[Expected URL: https://test.dataimagineers.ai/]]>
            </line>
            <line>
              <![CDATA[Current URL : https://test.dataimagineers.ai/login]]>
            </line>
            <line>
              <![CDATA[Beginning Search Modular Test...
This is for the main search page from login...]]>
            </line>
            <line>
              <![CDATA[Waiting for page to load completely...]]>
            </line>
            <line>
              <![CDATA[The page '' is fully loaded now.]]>
            </line>
            <line>
              <![CDATA[Expected URL: https://test.dataimagineers.ai/]]>
            </line>
            <line>
              <![CDATA[Current URL : https://test.dataimagineers.ai/]]>
            </line>
            <line>
              <![CDATA[Method: clickAllDomainsButton]]>
            </line>
            <line>
              <![CDATA[Method: openClosedDomains]]>
            </line>
            <line>
              <![CDATA[Method: selectDomain]]>
            </line>
            <line>
              <![CDATA[Method: clickAllDomainsButton]]>
            </line>
            <line>
              <![CDATA[All Domains Button already clicked. Menus already present on page.]]>
            </line>
            <line>
              <![CDATA[Method: openClosedDomains]]>
            </line>
            <line>
              <![CDATA[Method: setSearchField]]>
            </line>
            <line>
              <![CDATA[Method: readSearchField]]>
            </line>
            <line>
              <![CDATA[Waiting for page to load completely...]]>
            </line>
            <line>
              <![CDATA[The page 'Test App' is fully loaded now.]]>
            </line>
            <line>
              <![CDATA[Expected URL: https://test.dataimagineers.ai/search-result.*]]>
            </line>
            <line>
              <![CDATA[Current URL : https://test.dataimagineers.ai/search-result?search=What%20does%20aretec%20do%20to%20grow%20and%20retain%20business?]]>
            </line>
            <line>
              <![CDATA[Waiting for page to load completely...]]>
            </line>
            <line>
              <![CDATA[The page 'Test App' is fully loaded now.]]>
            </line>
            <line>
              <![CDATA[Method: readAnswer]]>
            </line>
            <line>
              <![CDATA[Method: waitForAnswerGeneration]]>
            </line>
            <line>
              <![CDATA[Waited on Answer text for: 13 seconds.]]>
            </line>
            <line>
              <![CDATA[Method: clickHomeSlideMenuLink]]>
            </line>
            <line>
              <![CDATA[Waiting for page to load completely...]]>
            </line>
            <line>
              <![CDATA[The page 'Test App' is fully loaded now.]]>
            </line>
            <line>
              <![CDATA[Expected URL: https://test.dataimagineers.ai/]]>
            </line>
            <line>
              <![CDATA[Current URL : https://test.dataimagineers.ai/]]>
            </line>
            <line>
              <![CDATA[Method: isSearchTextInRecentSearches]]>
            </line>
            <line>
              <![CDATA[Current Search String: What does aretec do to grow and retain business?]]>
            </line>
            <line>
              <![CDATA[Method: isSearchTextInRecentSearches]]>
            </line>
          </reporter-output>
        </test-method> <!-- validateRecentSearches -->
        <test-method is-config="true" signature="afterMethod(org.testng.ITestResult)[pri:0, instance:testCases.RecentSearches@7fb4f2a9]" started-at="2023-08-07T09:41:03 EDT" name="afterMethod" finished-at="2023-08-07T09:41:03 EDT" duration-ms="545" status="PASS">
          <params>
            <param index="0">
              <value>
                <![CDATA[[TestResult name=validateRecentSearches status=SUCCESS method=RecentSearches.validateRecentSearches()[pri:0, instance:testCases.RecentSearches@7fb4f2a9] output=Beginning test for Recent search text...]]]>
              </value>
            </param>
          </params>
          <reporter-output>
          </reporter-output>
        </test-method> <!-- afterMethod -->
        <test-method is-config="true" signature="afterClass()[pri:0, instance:testCases.RecentSearches@7fb4f2a9]" started-at="2023-08-07T09:41:03 EDT" name="afterClass" finished-at="2023-08-07T09:41:03 EDT" duration-ms="1" status="PASS">
          <reporter-output>
          </reporter-output>
        </test-method> <!-- afterClass -->
      </class> <!-- testCases.RecentSearches -->
    </test> <!-- Recent Searches -->
    <test started-at="2023-08-07T09:41:04 EDT" name="Document Details Validation" finished-at="2023-08-07T09:41:20 EDT" duration-ms="16330">
      <class name="testCases.DocumentDetailsValidation">
        <test-method signature="validateDocumentDetailsPageStructure()[pri:0, instance:testCases.DocumentDetailsValidation@7d3e8655]" started-at="2023-08-07T09:41:04 EDT" name="validateDocumentDetailsPageStructure" finished-at="2023-08-07T09:41:19 EDT" duration-ms="15855" status="PASS">
          <reporter-output>
            <line>
              <![CDATA[Beginning Login Modular Test...]]>
            </line>
            <line>
              <![CDATA[Waiting for page to load completely...]]>
            </line>
            <line>
              <![CDATA[The page '' is fully loaded now.]]>
            </line>
            <line>
              <![CDATA[Method: setEmail]]>
            </line>
            <line>
              <![CDATA[Method: setPassword]]>
            </line>
            <line>
              <![CDATA[Method: readEmail]]>
            </line>
            <line>
              <![CDATA[Email Address: jesse.childress@aretecinc.com]]>
            </line>
            <line>
              <![CDATA[Method: readEmail]]>
            </line>
            <line>
              <![CDATA[Method: clickLogin]]>
            </line>
            <line>
              <![CDATA[Waiting for page to load completely...]]>
            </line>
            <line>
              <![CDATA[The page '' is fully loaded now.]]>
            </line>
            <line>
              <![CDATA[Expected URL: https://test.dataimagineers.ai/]]>
            </line>
            <line>
              <![CDATA[Current URL : https://test.dataimagineers.ai/login]]>
            </line>
            <line>
              <![CDATA[Waiting for page to load completely...]]>
            </line>
            <line>
              <![CDATA[The page '' is fully loaded now.]]>
            </line>
            <line>
              <![CDATA[Expected URL: https://test.dataimagineers.ai/]]>
            </line>
            <line>
              <![CDATA[Current URL : https://test.dataimagineers.ai/]]>
            </line>
            <line>
              <![CDATA[Method: clickDocumentsSlideMenuLink]]>
            </line>
            <line>
              <![CDATA[Waiting for page to load completely...]]>
            </line>
            <line>
              <![CDATA[The page 'Test App' is fully loaded now.]]>
            </line>
            <line>
              <![CDATA[Expected URL: https://test.dataimagineers.ai/documents]]>
            </line>
            <line>
              <![CDATA[Current URL : https://test.dataimagineers.ai/documents]]>
            </line>
            <line>
              <![CDATA[Beginning click Link In Row search for 'Aretec - Test A.pdf' in column 'File Name(s)'.]]>
            </line>
            <line>
              <![CDATA[Method: getPaginationPageNumber]]>
            </line>
            <line>
              <![CDATA[Currently on table page: 1]]>
            </line>
            <line>
              <![CDATA[Method: clickNextPagination]]>
            </line>
            <line>
              <![CDATA[Waiting for page to load completely...]]>
            </line>
            <line>
              <![CDATA[The page 'Test App' is fully loaded now.]]>
            </line>
            <line>
              <![CDATA[Waiting for page to load completely...]]>
            </line>
            <line>
              <![CDATA[The page 'Test App' is fully loaded now.]]>
            </line>
            <line>
              <![CDATA[Beginning click Link In Row search for 'Aretec - Test A.pdf' in column 'File Name(s)'.]]>
            </line>
            <line>
              <![CDATA[Method: getPaginationPageNumber]]>
            </line>
            <line>
              <![CDATA[Currently on table page: 2]]>
            </line>
            <line>
              <![CDATA[Link Aretec - Test A.pdf clicked for row 9.]]>
            </line>
            <line>
              <![CDATA[Waiting for page to load completely...]]>
            </line>
            <line>
              <![CDATA[The page 'Test App' is fully loaded now.]]>
            </line>
            <line>
              <![CDATA[Expected URL: https://test.dataimagineers.ai/doc-details]]>
            </line>
            <line>
              <![CDATA[Current URL : https://test.dataimagineers.ai/doc-details]]>
            </line>
            <line>
              <![CDATA[Waiting for page to load completely...]]>
            </line>
            <line>
              <![CDATA[The page 'Test App' is fully loaded now.]]>
            </line>
            <line>
              <![CDATA[Method: isOverviewLinkPresent]]>
            </line>
            <line>
              <![CDATA[Method: isPoliciesLinkPresent]]>
            </line>
            <line>
              <![CDATA[Method: isPeopleLinkPresent]]>
            </line>
            <line>
              <![CDATA[Method: isTechnologyLinkPresent]]>
            </line>
            <line>
              <![CDATA[Method: isProcessesLinkPresent]]>
            </line>
            <line>
              <![CDATA[Method: isOtherLinkPresent]]>
            </line>
            <line>
              <![CDATA[Method: isImagesLinkPresent]]>
            </line>
            <line>
              <![CDATA[Method: isTablesLinkPresent]]>
            </line>
          </reporter-output>
        </test-method> <!-- validateDocumentDetailsPageStructure -->
        <test-method is-config="true" signature="afterMethod(org.testng.ITestResult)[pri:0, instance:testCases.DocumentDetailsValidation@7d3e8655]" started-at="2023-08-07T09:41:19 EDT" name="afterMethod" finished-at="2023-08-07T09:41:20 EDT" duration-ms="470" status="PASS">
          <params>
            <param index="0">
              <value>
                <![CDATA[[TestResult name=validateDocumentDetailsPageStructure status=SUCCESS method=DocumentDetailsValidation.validateDocumentDetailsPageStructure()[pri:0, instance:testCases.DocumentDetailsValidation@7d3e8655] output=Beginning Login Modular Test...]]]>
              </value>
            </param>
          </params>
          <reporter-output>
          </reporter-output>
        </test-method> <!-- afterMethod -->
        <test-method is-config="true" signature="afterClass()[pri:0, instance:testCases.DocumentDetailsValidation@7d3e8655]" started-at="2023-08-07T09:41:20 EDT" name="afterClass" finished-at="2023-08-07T09:41:20 EDT" duration-ms="0" status="PASS">
          <reporter-output>
          </reporter-output>
        </test-method> <!-- afterClass -->
      </class> <!-- testCases.DocumentDetailsValidation -->
    </test> <!-- Document Details Validation -->
  </suite> <!-- Entire Suite -->
</testng-results>
