<?xml version="1.0" encoding="UTF-8"?>
<!-- Generated by org.testng.reporters.JUnitXMLReporter -->
<testsuite ignored="0" hostname="JessesHP" failures="5" tests="5" name="Search Results - References Validation" time="119.406" errors="0" timestamp="2023-08-07T09:37:14 EDT">
  <testcase classname="testCases.SearchResultsReferencesValidation" name="searchReferencesValidation" time="22.156">
    <failure type="java.lang.AssertionError" message="Search Results Page &amp;gt; References &amp;gt; Date format xxxx-xx-xx expected [true] but found [false]">
      <![CDATA[java.lang.AssertionError: Search Results Page > References > Date format xxxx-xx-xx expected [true] but found [false]
at testCases.SearchResultsReferencesValidation.searchReferencesValidation(SearchResultsReferencesValidation.java:41)
at java.base/java.util.concurrent.ThreadPoolExecutor.runWorker(ThreadPoolExecutor.java:1136)
at java.base/java.util.concurrent.ThreadPoolExecutor$Worker.run(ThreadPoolExecutor.java:635)
at java.base/java.lang.Thread.run(Thread.java:833)
... Removed 15 stack frames]]>
    </failure>
  </testcase> <!-- searchReferencesValidation -->
  <testcase classname="testCases.SearchResultsReferencesValidation" name="searchReferencesValidation" time="28.612">
    <failure type="java.lang.AssertionError" message="Search Results Page &amp;gt; References &amp;gt; Date format xxxx-xx-xx expected [true] but found [false]">
      <![CDATA[java.lang.AssertionError: Search Results Page > References > Date format xxxx-xx-xx expected [true] but found [false]
at testCases.SearchResultsReferencesValidation.searchReferencesValidation(SearchResultsReferencesValidation.java:41)
at java.base/java.util.concurrent.ThreadPoolExecutor.runWorker(ThreadPoolExecutor.java:1136)
at java.base/java.util.concurrent.ThreadPoolExecutor$Worker.run(ThreadPoolExecutor.java:635)
at java.base/java.lang.Thread.run(Thread.java:833)
... Removed 15 stack frames]]>
    </failure>
  </testcase> <!-- searchReferencesValidation -->
  <testcase classname="testCases.SearchResultsReferencesValidation" name="searchReferencesValidation" time="26.094">
    <failure type="java.lang.AssertionError" message="Search Results Page &amp;gt; References &amp;gt; Date format xxxx-xx-xx expected [true] but found [false]">
      <![CDATA[java.lang.AssertionError: Search Results Page > References > Date format xxxx-xx-xx expected [true] but found [false]
at testCases.SearchResultsReferencesValidation.searchReferencesValidation(SearchResultsReferencesValidation.java:41)
at java.base/java.util.concurrent.ThreadPoolExecutor.runWorker(ThreadPoolExecutor.java:1136)
at java.base/java.util.concurrent.ThreadPoolExecutor$Worker.run(ThreadPoolExecutor.java:635)
at java.base/java.lang.Thread.run(Thread.java:833)
... Removed 15 stack frames]]>
    </failure>
  </testcase> <!-- searchReferencesValidation -->
  <testcase classname="testCases.SearchResultsReferencesValidation" name="searchReferencesValidation" time="20.095">
    <failure type="java.lang.AssertionError" message="Search Results Page &amp;gt; References &amp;gt; Date format xxxx-xx-xx expected [true] but found [false]">
      <![CDATA[java.lang.AssertionError: Search Results Page > References > Date format xxxx-xx-xx expected [true] but found [false]
at testCases.SearchResultsReferencesValidation.searchReferencesValidation(SearchResultsReferencesValidation.java:41)
at java.base/java.util.concurrent.ThreadPoolExecutor.runWorker(ThreadPoolExecutor.java:1136)
at java.base/java.util.concurrent.ThreadPoolExecutor$Worker.run(ThreadPoolExecutor.java:635)
at java.base/java.lang.Thread.run(Thread.java:833)
... Removed 15 stack frames]]>
    </failure>
  </testcase> <!-- searchReferencesValidation -->
  <testcase classname="testCases.SearchResultsReferencesValidation" name="searchReferencesValidation" time="19.933">
    <failure type="java.lang.AssertionError" message="Search Results Page &amp;gt; References &amp;gt; Date format xxxx-xx-xx expected [true] but found [false]">
      <![CDATA[java.lang.AssertionError: Search Results Page > References > Date format xxxx-xx-xx expected [true] but found [false]
at testCases.SearchResultsReferencesValidation.searchReferencesValidation(SearchResultsReferencesValidation.java:41)
at java.base/java.util.concurrent.ThreadPoolExecutor.runWorker(ThreadPoolExecutor.java:1136)
at java.base/java.util.concurrent.ThreadPoolExecutor$Worker.run(ThreadPoolExecutor.java:635)
at java.base/java.lang.Thread.run(Thread.java:833)
... Removed 15 stack frames]]>
    </failure>
  </testcase> <!-- searchReferencesValidation -->
</testsuite> <!-- Search Results - References Validation -->
