<?xml version="1.0" encoding="UTF-8"?>
<!-- Generated by org.testng.reporters.JUnitXMLReporter -->
<testsuite ignored="0" hostname="JessesHP" failures="1" tests="1" name="Search Results - History Validation" time="44.182" errors="0" timestamp="2023-08-07T09:37:58 EDT">
  <testcase classname="testCases.SearchResultsHistoryValidation" name="searchResultsHistoryValidation" time="43.506">
    <failure type="java.lang.AssertionError" message="Search Results &amp;gt; History &amp;gt; Original Answer Displayed expected [Based on the information provided in the context, it is stated that Aretec has seven years of experience in support of the U.S. Securities and Exchange Commission’s (SEC’s) analytic requirements. It is mentioned that Aretec has worked as a Subject Manager Expert/Quantitative Analyst for the SEC from September 2014 to April 2016. Aretec&amp;apos;s experience includes consulting on statistical models to identify anomalies in High Frequency Trading and combat Money Laundering, conducting status meetings with stakeholders and development teams, gathering and validating requirements for IT infrastructure and custom software solutions, and working as a liaison between business owners, stakeholders, developers, and end-users at the SEC. Therefore, based on this information, it can be inferred that Aretec has experience working for the Securities and Exchange Commission.] but found [Based on the context provided, there is no information indicating whether Aretec has knowledge of how to change transmission fluid in a 1965 Shelby Cobra.]">
      <![CDATA[java.lang.AssertionError: Search Results > History > Original Answer Displayed expected [Based on the information provided in the context, it is stated that Aretec has seven years of experience in support of the U.S. Securities and Exchange Commission’s (SEC’s) analytic requirements. It is mentioned that Aretec has worked as a Subject Manager Expert/Quantitative Analyst for the SEC from September 2014 to April 2016. Aretec's experience includes consulting on statistical models to identify anomalies in High Frequency Trading and combat Money Laundering, conducting status meetings with stakeholders and development teams, gathering and validating requirements for IT infrastructure and custom software solutions, and working as a liaison between business owners, stakeholders, developers, and end-users at the SEC. Therefore, based on this information, it can be inferred that Aretec has experience working for the Securities and Exchange Commission.] but found [Based on the context provided, there is no information indicating whether Aretec has knowledge of how to change transmission fluid in a 1965 Shelby Cobra.]
at testCases.SearchResultsHistoryValidation.searchResultsHistoryValidation(SearchResultsHistoryValidation.java:78)
at java.base/java.util.concurrent.ThreadPoolExecutor.runWorker(ThreadPoolExecutor.java:1136)
at java.base/java.util.concurrent.ThreadPoolExecutor$Worker.run(ThreadPoolExecutor.java:635)
at java.base/java.lang.Thread.run(Thread.java:833)
... Removed 17 stack frames]]>
    </failure>
  </testcase> <!-- searchResultsHistoryValidation -->
</testsuite> <!-- Search Results - History Validation -->
