<?xml version="1.0" encoding="UTF-8"?>
<!-- Generated by org.testng.reporters.JUnitXMLReporter -->
<testsuite ignored="0" hostname="JessesHP" failures="1" tests="1" name="Upload Files" time="23.748" errors="0" timestamp="2023-08-07T09:35:15 EDT">
  <testcase classname="testCases.UploadFiles" name="uploadFiles" time="23.034">
    <failure type="java.lang.RuntimeException" message="There are multiple cells in column index 0 with the value SQA Test A - Software Testing Overview.pdf. Cannot determine a unique value.">
      <![CDATA[java.lang.RuntimeException: There are multiple cells in column index 0 with the value SQA Test A - Software Testing Overview.pdf. Cannot determine a unique value.
at utilities.DiTables.getRowIndex(DiTables.java:879)
at utilities.DiTables.isRowInTableByValue(DiTables.java:428)
at testCases.UploadFiles.uploadFiles(UploadFiles.java:79)
at java.base/java.util.concurrent.ThreadPoolExecutor.runWorker(ThreadPoolExecutor.java:1136)
at java.base/java.util.concurrent.ThreadPoolExecutor$Worker.run(ThreadPoolExecutor.java:635)
at java.base/java.lang.Thread.run(Thread.java:833)
... Removed 12 stack frames]]>
    </failure>
  </testcase> <!-- uploadFiles -->
</testsuite> <!-- Upload Files -->
